Using pre-set license
Built from '2020.3/staging' branch; Version is '2020.3.26f1 (7298b473bc1a) revision 7510196'; Using compiler version '192528614'; Build Type 'Release'
OS: 'Windows 10  (10.0.19042) 64bit CoreCountrySpecific' Language: 'zh' Physical Memory: 16146 MB
BatchMode: 1, IsHumanControllingUs: 0, StartBugReporterOnCrash: 0, Is64bit: 1, IsPro: 0

COMMAND LINE ARGUMENTS:
C:\Program Files\Unity\Hub\Editor\2020.3.26f1\Editor\Unity.exe
-adb2
-batchMode
-noUpm
-name
AssetImportWorker0
-projectPath
D:/backup/Computer Science/CS 3540 - Unity/CS3540-final-project/CS3540-final-project
-logFile
Logs/AssetImportWorker0.log
-srvPort
53136
Successfully changed project path to: D:/backup/Computer Science/CS 3540 - Unity/CS3540-final-project/CS3540-final-project
D:/backup/Computer Science/CS 3540 - Unity/CS3540-final-project/CS3540-final-project
Using Asset Import Pipeline V2.
Refreshing native plugins compatible for Editor in 29.91 ms, found 2 plugins.
Preloading 0 native plugins for Editor in 0.00 ms.
Initialize engine version: 2020.3.26f1 (7298b473bc1a)
[Subsystems] Discovering subsystems at path C:/Program Files/Unity/Hub/Editor/2020.3.26f1/Editor/Data/Resources/UnitySubsystems
[Subsystems] Discovering subsystems at path D:/backup/Computer Science/CS 3540 - Unity/CS3540-final-project/CS3540-final-project/Assets
GfxDevice: creating device client; threaded=0
Direct3D:
    Version:  Direct3D 11.0 [level 11.1]
    Renderer: NVIDIA GeForce RTX 2060 (ID=0x1f15)
    Vendor:   
    VRAM:     5980 MB
    Driver:   30.0.14.7135
Initialize mono
Mono path[0] = 'C:/Program Files/Unity/Hub/Editor/2020.3.26f1/Editor/Data/Managed'
Mono path[1] = 'C:/Program Files/Unity/Hub/Editor/2020.3.26f1/Editor/Data/MonoBleedingEdge/lib/mono/unityjit'
Mono config path = 'C:/Program Files/Unity/Hub/Editor/2020.3.26f1/Editor/Data/MonoBleedingEdge/etc'
Using monoOptions --debugger-agent=transport=dt_socket,embedding=1,server=y,suspend=n,address=127.0.0.1:56824
Begin MonoManager ReloadAssembly
Registering precompiled unity dll's ...
Register platform support module: C:/Program Files/Unity/Hub/Editor/2020.3.26f1/Editor/Data/PlaybackEngines/WebGLSupport/UnityEditor.WebGL.Extensions.dll
Register platform support module: C:/Program Files/Unity/Hub/Editor/2020.3.26f1/Editor/Data/PlaybackEngines/WindowsStandaloneSupport/UnityEditor.WindowsStandalone.Extensions.dll
Registered in 0.002621 seconds.
Native extension for WindowsStandalone target not found
Native extension for WebGL target not found
Refreshing native plugins compatible for Editor in 32.07 ms, found 2 plugins.
Preloading 0 native plugins for Editor in 0.00 ms.
Mono: successfully reloaded assembly
- Completed reload, in  0.595 seconds
Domain Reload Profiling:
	ReloadAssembly (595ms)
		BeginReloadAssembly (55ms)
			ExecutionOrderSort (0ms)
			DisableScriptedObjects (0ms)
			BackupInstance (0ms)
			ReleaseScriptingObjects (0ms)
			CreateAndSetChildDomain (1ms)
		EndReloadAssembly (468ms)
			LoadAssemblies (53ms)
			RebuildTransferFunctionScriptingTraits (0ms)
			SetupTypeCache (172ms)
			ReleaseScriptCaches (0ms)
			RebuildScriptCaches (31ms)
			SetupLoadedEditorAssemblies (151ms)
				LogAssemblyErrors (0ms)
				InitializePlatformSupportModulesInManaged (6ms)
				SetLoadedEditorAssemblies (0ms)
				RefreshPlugins (32ms)
				BeforeProcessingInitializeOnLoad (11ms)
				ProcessInitializeOnLoadAttributes (77ms)
				ProcessInitializeOnLoadMethodAttributes (25ms)
				AfterProcessingInitializeOnLoad (0ms)
				EditorAssembliesLoaded (0ms)
			ExecutionOrderSort2 (0ms)
			AwakeInstancesAfterBackupRestoration (0ms)
Platform modules already initialized, skipping
Registering precompiled user dll's ...
Registered in 0.004156 seconds.
Begin MonoManager ReloadAssembly
Native extension for WindowsStandalone target not found
Native extension for WebGL target not found
Refreshing native plugins compatible for Editor in 0.29 ms, found 2 plugins.
Preloading 0 native plugins for Editor in 0.00 ms.
Mono: successfully reloaded assembly
- Completed reload, in  0.948 seconds
Domain Reload Profiling:
	ReloadAssembly (949ms)
		BeginReloadAssembly (135ms)
			ExecutionOrderSort (0ms)
			DisableScriptedObjects (5ms)
			BackupInstance (0ms)
			ReleaseScriptingObjects (0ms)
			CreateAndSetChildDomain (16ms)
		EndReloadAssembly (755ms)
			LoadAssemblies (83ms)
			RebuildTransferFunctionScriptingTraits (0ms)
			SetupTypeCache (276ms)
			ReleaseScriptCaches (0ms)
			RebuildScriptCaches (37ms)
			SetupLoadedEditorAssemblies (273ms)
				LogAssemblyErrors (0ms)
				InitializePlatformSupportModulesInManaged (5ms)
				SetLoadedEditorAssemblies (0ms)
				RefreshPlugins (0ms)
				BeforeProcessingInitializeOnLoad (79ms)
				ProcessInitializeOnLoadAttributes (172ms)
				ProcessInitializeOnLoadMethodAttributes (8ms)
				AfterProcessingInitializeOnLoad (7ms)
				EditorAssembliesLoaded (0ms)
			ExecutionOrderSort2 (0ms)
			AwakeInstancesAfterBackupRestoration (6ms)
Platform modules already initialized, skipping
========================================================================
Worker process is ready to serve import requests
Launched and connected shader compiler UnityShaderCompiler.exe after 0.04 seconds
Refreshing native plugins compatible for Editor in 0.39 ms, found 2 plugins.
Preloading 0 native plugins for Editor in 0.00 ms.
Unloading 1503 Unused Serialized files (Serialized files now loaded: 0)
System memory in use before: 68.0 MB.
System memory in use after: 68.1 MB.

Unloading 19 unused Assets to reduce memory usage. Loaded Objects now: 1935.
Total: 2.524900 ms (FindLiveObjects: 0.138900 ms CreateObjectMapping: 0.061900 ms MarkObjects: 2.260600 ms  DeleteObjects: 0.062400 ms)

AssetImportParameters requested are different than current active one (requested -> active):
  custom:framework-win-MediaFoundation: 216162199b28c13a410421893ffa2e32 -> 
  custom:video-decoder-ogg-theora: a1e56fd34408186e4bbccfd4996cb3dc -> 
  custom:container-muxer-webm: aa71ff27fc2769a1b78a27578f13a17b -> 
  custom:container-demuxer-webm: 4f35f7cbe854078d1ac9338744f61a02 -> 
  custom:container-demuxer-ogg: 62fdf1f143b41e24485cea50d1cbac27 -> 
  custom:video-encoder-webm-vp8: eb34c28f22e8b96e1ab97ce403110664 -> 
  custom:video-codec-MediaFoundation-h265: 746d11721c4dcdbdad8f713fa42b33f4 -> 
  custom:video-decoder-webm-vp8: 9c59270c3fd7afecdb556c50c9e8de78 -> 
  custom:audio-decoder-ogg-vorbis: bf7c407c2cedff20999df2af8eb42d56 -> 
  custom:audio-encoder-webm-vorbis: bf7c407c2cedff20999df2af8eb42d56 -> 
========================================================================
Received Import Request.
  path: Assets/Prefebs
  artifactKey: Guid(fc52e542d8bfb4b4ea1e0f708e2920f5) Importer(815301076,1909f56bfc062723c751e8b465ee728b)
Start importing Assets/Prefebs using Guid(fc52e542d8bfb4b4ea1e0f708e2920f5) Importer(815301076,1909f56bfc062723c751e8b465ee728b)  -> (artifact id: '53a769878b57cc8081918269337691aa') in 0.008111 seconds 
  Import took 0.034872 seconds .

========================================================================
Received Import Request.
  Time since last request: 6.456336 seconds.
  path: Assets/Prefabs
  artifactKey: Guid(fc52e542d8bfb4b4ea1e0f708e2920f5) Importer(815301076,1909f56bfc062723c751e8b465ee728b)
Start importing Assets/Prefabs using Guid(fc52e542d8bfb4b4ea1e0f708e2920f5) Importer(815301076,1909f56bfc062723c751e8b465ee728b)  -> (artifact id: '0f76665d3e08a93042c9dda9ec1ee499') in 0.007519 seconds 
  Import took 0.022959 seconds .

========================================================================
Received Import Request.
  Time since last request: 6.397822 seconds.
  path: Assets
  artifactKey: Guid(00000000000000001000000000000000) Importer(815301076,1909f56bfc062723c751e8b465ee728b)
Start importing Assets using Guid(00000000000000001000000000000000) Importer(815301076,1909f56bfc062723c751e8b465ee728b)  -> (artifact id: '42d402b061de3733987d63b9cc3b64de') in 0.008014 seconds 
  Import took 0.035790 seconds .

========================================================================
Received Import Request.
  Time since last request: 5.113556 seconds.
  path: Assets/Resources
  artifactKey: Guid(be913d1ed8fd8664095bba1f386cc8d8) Importer(815301076,1909f56bfc062723c751e8b465ee728b)
Start importing Assets/Resources using Guid(be913d1ed8fd8664095bba1f386cc8d8) Importer(815301076,1909f56bfc062723c751e8b465ee728b)  -> (artifact id: 'db03eddb10792eb1a42602a286f56b50') in 0.007574 seconds 
  Import took 0.009906 seconds .

========================================================================
Received Import Request.
  Time since last request: 153.820250 seconds.
  path: Assets/Arts
  artifactKey: Guid(559452a7fa1089f469cb483e2af10d16) Importer(815301076,1909f56bfc062723c751e8b465ee728b)
Start importing Assets/Arts using Guid(559452a7fa1089f469cb483e2af10d16) Importer(815301076,1909f56bfc062723c751e8b465ee728b)  -> (artifact id: '0f7202ad2879d81784a576cc39e8d9dc') in 0.008170 seconds 
  Import took 0.010483 seconds .

========================================================================
Received Import Request.
  Time since last request: 6.081379 seconds.
  path: Assets/Art
  artifactKey: Guid(559452a7fa1089f469cb483e2af10d16) Importer(815301076,1909f56bfc062723c751e8b465ee728b)
Start importing Assets/Art using Guid(559452a7fa1089f469cb483e2af10d16) Importer(815301076,1909f56bfc062723c751e8b465ee728b)  -> (artifact id: '604f3e169e48422c2a6e59c5a2b873c7') in 0.008288 seconds 
  Import took 0.010389 seconds .

========================================================================
Received Import Request.
  Time since last request: 9.225696 seconds.
  path: Assets/Code
  artifactKey: Guid(d06ee584f9e442e4cb753662c3a237d2) Importer(815301076,1909f56bfc062723c751e8b465ee728b)
Start importing Assets/Code using Guid(d06ee584f9e442e4cb753662c3a237d2) Importer(815301076,1909f56bfc062723c751e8b465ee728b)  -> (artifact id: '3f692ca6d082069e6edc50122aee8adf') in 0.007527 seconds 
  Import took 1.637889 seconds .

========================================================================
Received Import Request.
  Time since last request: 7.378980 seconds.
  path: Assets/Level
  artifactKey: Guid(264fe6206efae8a4f9f02b3bb50277fe) Importer(815301076,1909f56bfc062723c751e8b465ee728b)
Start importing Assets/Level using Guid(264fe6206efae8a4f9f02b3bb50277fe) Importer(815301076,1909f56bfc062723c751e8b465ee728b)  -> (artifact id: 'f4c698d491acde865df53a29db3c907a') in 0.008108 seconds 
  Import took 0.010238 seconds .

========================================================================
Received Import Request.
  Time since last request: 10.951839 seconds.
  path: Assets/Code/Scripts
  artifactKey: Guid(e8ebdfc995a01374b891f7f1d05a5e7a) Importer(815301076,1909f56bfc062723c751e8b465ee728b)
Start importing Assets/Code/Scripts using Guid(e8ebdfc995a01374b891f7f1d05a5e7a) Importer(815301076,1909f56bfc062723c751e8b465ee728b)  -> (artifact id: 'eaa75784504f6350d37c0a4ba731a222') in 0.006129 seconds 
  Import took 0.032925 seconds .

========================================================================
Received Import Request.
  Time since last request: 14.899999 seconds.
  path: Assets/Level/UI
  artifactKey: Guid(a5ab35c3a66f30b43a47c5a9b5c02608) Importer(815301076,1909f56bfc062723c751e8b465ee728b)
Start importing Assets/Level/UI using Guid(a5ab35c3a66f30b43a47c5a9b5c02608) Importer(815301076,1909f56bfc062723c751e8b465ee728b)  -> (artifact id: 'c2fa4491ab32805f1bc636f4eda0dc90') in 0.008185 seconds 
  Import took 0.010601 seconds .

========================================================================
Received Import Request.
  Time since last request: 15.119860 seconds.
  path: Assets/Audio
  artifactKey: Guid(3482f8e934e9e4040b630f418e51ab60) Importer(815301076,1909f56bfc062723c751e8b465ee728b)
Start importing Assets/Audio using Guid(3482f8e934e9e4040b630f418e51ab60) Importer(815301076,1909f56bfc062723c751e8b465ee728b)  -> (artifact id: '4850c8edd563cf1024ff3ff171b5ddfd') in 0.007187 seconds 
  Import took 0.027652 seconds .

========================================================================
Received Import Request.
  Time since last request: 9.119042 seconds.
  path: Assets/Audio/Music
  artifactKey: Guid(6d43361ff312c3a438f1ef401d785842) Importer(815301076,1909f56bfc062723c751e8b465ee728b)
Start importing Assets/Audio/Music using Guid(6d43361ff312c3a438f1ef401d785842) Importer(815301076,1909f56bfc062723c751e8b465ee728b)  -> (artifact id: '3a73c3b8afbd091b770db4540ed3a515') in 0.006197 seconds 
  Import took 0.008280 seconds .

========================================================================
Received Import Request.
  Time since last request: 6.299899 seconds.
  path: Assets/Audio/Sound
  artifactKey: Guid(5b79e2b52c790fb4fa8987372e389d4d) Importer(815301076,1909f56bfc062723c751e8b465ee728b)
Start importing Assets/Audio/Sound using Guid(5b79e2b52c790fb4fa8987372e389d4d) Importer(815301076,1909f56bfc062723c751e8b465ee728b)  -> (artifact id: '99807098357840ddf4962d6ec66ddb30') in 0.006470 seconds 
  Import took 0.008713 seconds .

========================================================================
Received Import Request.
  Time since last request: 10.340197 seconds.
  path: Assets/Art/Materials
  artifactKey: Guid(85dce5e5a3a1f8745ad447c0b4608bdf) Importer(815301076,1909f56bfc062723c751e8b465ee728b)
Start importing Assets/Art/Materials using Guid(85dce5e5a3a1f8745ad447c0b4608bdf) Importer(815301076,1909f56bfc062723c751e8b465ee728b)  -> (artifact id: '1d19cc81fa472b8a5b431f57c56360e5') in 0.007284 seconds 
  Import took 0.009573 seconds .

========================================================================
Received Import Request.
  Time since last request: 4.410340 seconds.
  path: Assets/Art/Textures
  artifactKey: Guid(f317e5580308aee42a5ae9a707d84c0f) Importer(815301076,1909f56bfc062723c751e8b465ee728b)
Start importing Assets/Art/Textures using Guid(f317e5580308aee42a5ae9a707d84c0f) Importer(815301076,1909f56bfc062723c751e8b465ee728b)  -> (artifact id: 'c5c434503c054b8b7543e703cb6aa675') in 0.006594 seconds 
  Import took 0.008669 seconds .

========================================================================
Received Import Request.
  Time since last request: 7.650594 seconds.
  path: Assets/Art/Models
  artifactKey: Guid(1e57165dc33091043a81831633014133) Importer(815301076,1909f56bfc062723c751e8b465ee728b)
Start importing Assets/Art/Models using Guid(1e57165dc33091043a81831633014133) Importer(815301076,1909f56bfc062723c751e8b465ee728b)  -> (artifact id: '17a732f996806e7c832d52239fd9c705') in 0.007185 seconds 
  Import took 0.033681 seconds .

========================================================================
Received Import Request.
  Time since last request: 43.870685 seconds.
  path: Assets/Src
  artifactKey: Guid(093f335abcfd61e47bbce7ea5f33e3c0) Importer(815301076,1909f56bfc062723c751e8b465ee728b)
Start importing Assets/Src using Guid(093f335abcfd61e47bbce7ea5f33e3c0) Importer(815301076,1909f56bfc062723c751e8b465ee728b)  -> (artifact id: '61884b624401fa3f3aeaa48bf9d721ad') in 0.007387 seconds 
  Import took 0.032763 seconds .

========================================================================
Received Import Request.
  Time since last request: 53.408614 seconds.
  path: Assets/Src/Scripts
  artifactKey: Guid(02fe2580dc7963941ad04b5537e94d6d) Importer(815301076,1909f56bfc062723c751e8b465ee728b)
Start importing Assets/Src/Scripts using Guid(02fe2580dc7963941ad04b5537e94d6d) Importer(815301076,1909f56bfc062723c751e8b465ee728b)  -> (artifact id: '00966511ec9093bfd6ad9bba1435a606') in 0.007608 seconds 
  Import took 0.010204 seconds .

========================================================================
Received Import Request.
  Time since last request: 50.204477 seconds.
  path: Assets/Scenes
  artifactKey: Guid(296e091b6d62f1c40a15579d79a53985) Importer(815301076,1909f56bfc062723c751e8b465ee728b)
Start importing Assets/Scenes using Guid(296e091b6d62f1c40a15579d79a53985) Importer(815301076,1909f56bfc062723c751e8b465ee728b)  -> (artifact id: '4d547b2087caf450f778746e57e21253') in 0.007191 seconds 
  Import took 0.009488 seconds .

========================================================================
Received Import Request.
  Time since last request: 2.981610 seconds.
  path: Assets/Level
  artifactKey: Guid(296e091b6d62f1c40a15579d79a53985) Importer(815301076,1909f56bfc062723c751e8b465ee728b)
Start importing Assets/Level using Guid(296e091b6d62f1c40a15579d79a53985) Importer(815301076,1909f56bfc062723c751e8b465ee728b)  -> (artifact id: '2de5431d00194f8314c4f813fa98be0a') in 0.007638 seconds 
  Import took 0.019822 seconds .

========================================================================
Received Import Request.
  Time since last request: 83.317580 seconds.
  path: Assets/Art/Materials/Dictators-0.obj
  artifactKey: Guid(c04bd123b1b698544991daa2e7c0356b) Importer(815301076,1909f56bfc062723c751e8b465ee728b)
Start importing Assets/Art/Materials/Dictators-0.obj using Guid(c04bd123b1b698544991daa2e7c0356b) Importer(815301076,1909f56bfc062723c751e8b465ee728b)  -> (artifact id: 'ac900deb23720a6e1ffc5b4ec13695c9') in 0.368865 seconds 
  Import took 0.372004 seconds .

========================================================================
Received Import Request.
  Time since last request: 0.000281 seconds.
  path: Assets/Art/Materials/Dictators-2.obj
  artifactKey: Guid(b9d2062ed3ce30a41b7b98c28150ba25) Importer(815301076,1909f56bfc062723c751e8b465ee728b)
Start importing Assets/Art/Materials/Dictators-2.obj using Guid(b9d2062ed3ce30a41b7b98c28150ba25) Importer(815301076,1909f56bfc062723c751e8b465ee728b)  -> (artifact id: '6a5f41a347351a9357bdb4c536680a7b') in 0.028705 seconds 
  Import took 0.031054 seconds .

========================================================================
Received Import Request.
  Time since last request: 0.000233 seconds.
  path: Assets/Art/Materials/Dictators-2.png
  artifactKey: Guid(ef3abc6217ceb204eb5f64ff8d59f7e4) Importer(815301076,1909f56bfc062723c751e8b465ee728b)
Start importing Assets/Art/Materials/Dictators-2.png using Guid(ef3abc6217ceb204eb5f64ff8d59f7e4) Importer(815301076,1909f56bfc062723c751e8b465ee728b)  -> (artifact id: '2e8eac8def61bf92bddcf9c12c204e10') in 0.049363 seconds 
  Import took 0.051582 seconds .

========================================================================
Received Import Request.
  Time since last request: 0.000200 seconds.
  path: Assets/Art/Materials/Dictators_Thumbnail.gif
  artifactKey: Guid(0eef8cfa6eb641945bf73eba5abdb154) Importer(815301076,1909f56bfc062723c751e8b465ee728b)
Start importing Assets/Art/Materials/Dictators_Thumbnail.gif using Guid(0eef8cfa6eb641945bf73eba5abdb154) Importer(815301076,1909f56bfc062723c751e8b465ee728b)  -> (artifact id: 'b52a373b018e956def4a9db26d7101c8') in 0.015895 seconds 
  Import took 0.041787 seconds .

========================================================================
Received Import Request.
  Time since last request: 0.000226 seconds.
  path: Assets/Art/Materials/Dictators-1.png
  artifactKey: Guid(ae030402942dc934887fad895af822b7) Importer(815301076,1909f56bfc062723c751e8b465ee728b)
Start importing Assets/Art/Materials/Dictators-1.png using Guid(ae030402942dc934887fad895af822b7) Importer(815301076,1909f56bfc062723c751e8b465ee728b)  -> (artifact id: '3b6150bca88e7b34452d50e14bd048ae') in 0.025460 seconds 
  Import took 0.027723 seconds .

========================================================================
Received Import Request.
  Time since last request: 0.000199 seconds.
  path: Assets/Art/Materials/Dictators-0.png
  artifactKey: Guid(e29df1ef219c31c478996fd9d73d1df2) Importer(815301076,1909f56bfc062723c751e8b465ee728b)
Start importing Assets/Art/Materials/Dictators-0.png using Guid(e29df1ef219c31c478996fd9d73d1df2) Importer(815301076,1909f56bfc062723c751e8b465ee728b)  -> (artifact id: 'da1c90f7970239042b47548de8d2d2d7') in 0.020489 seconds 
  Import took 0.022622 seconds .

========================================================================
Received Import Request.
  Time since last request: 0.000195 seconds.
  path: Assets/Art/Materials/Dictators-1.obj
  artifactKey: Guid(18559fc8537dd964dba8968e262e8d92) Importer(815301076,1909f56bfc062723c751e8b465ee728b)
Start importing Assets/Art/Materials/Dictators-1.obj using Guid(18559fc8537dd964dba8968e262e8d92) Importer(815301076,1909f56bfc062723c751e8b465ee728b)  -> (artifact id: 'a9786535c2fbb1b11a6e035cce31fb1c') in 0.029240 seconds 
  Import took 0.049271 seconds .

========================================================================
Received Import Request.
  Time since last request: 2.062337 seconds.
  path: Assets/Art/Materials/Dictators.vox
  artifactKey: Guid(f52bbe081e7b6a34582e9a85619dd652) Importer(815301076,1909f56bfc062723c751e8b465ee728b)
Start importing Assets/Art/Materials/Dictators.vox using Guid(f52bbe081e7b6a34582e9a85619dd652) Importer(815301076,1909f56bfc062723c751e8b465ee728b)  -> (artifact id: 'da6d61777e0a91ca119ce3592be05845') in 0.009180 seconds 
  Import took 0.011543 seconds .

========================================================================
Received Import Request.
  Time since last request: 0.953360 seconds.
  path: Assets/Art/Materials/Dictators-0.mtl
  artifactKey: Guid(74f050d7cf12af84cb0e1b75592bff43) Importer(815301076,1909f56bfc062723c751e8b465ee728b)
Start importing Assets/Art/Materials/Dictators-0.mtl using Guid(74f050d7cf12af84cb0e1b75592bff43) Importer(815301076,1909f56bfc062723c751e8b465ee728b)  -> (artifact id: '3431a87b4bb493f640916c352164095e') in 0.009689 seconds 
  Import took 0.044056 seconds .

========================================================================
Received Import Request.
  Time since last request: 69.966025 seconds.
  path: Assets/Art/Materials/Dictators-2.mtl
  artifactKey: Guid(b8f2589d29f49c34d8dc52e3657fbc0e) Importer(815301076,1909f56bfc062723c751e8b465ee728b)
Start importing Assets/Art/Materials/Dictators-2.mtl using Guid(b8f2589d29f49c34d8dc52e3657fbc0e) Importer(815301076,1909f56bfc062723c751e8b465ee728b)  -> (artifact id: 'e428f3a1f5bdaa9866c2909f31cb635b') in 0.007099 seconds 
  Import took 0.027145 seconds .

========================================================================
Received Import Request.
  Time since last request: 3.031122 seconds.
  path: Assets/Art/Materials/Dictators-1.mtl
  artifactKey: Guid(6dbe2cd11bc66574289c71585b1a698a) Importer(815301076,1909f56bfc062723c751e8b465ee728b)
Start importing Assets/Art/Materials/Dictators-1.mtl using Guid(6dbe2cd11bc66574289c71585b1a698a) Importer(815301076,1909f56bfc062723c751e8b465ee728b)  -> (artifact id: 'accd7c18eb940b2b91506315007093fd') in 0.007519 seconds 
  Import took 0.009724 seconds .

========================================================================
Received Prepare
Registering precompiled user dll's ...
Registered in 0.148065 seconds.
Begin MonoManager ReloadAssembly
Native extension for WindowsStandalone target not found
Native extension for WebGL target not found
Refreshing native plugins compatible for Editor in 0.33 ms, found 2 plugins.
Preloading 0 native plugins for Editor in 0.00 ms.
Mono: successfully reloaded assembly
- Completed reload, in  1.276 seconds
Domain Reload Profiling:
	ReloadAssembly (1277ms)
		BeginReloadAssembly (260ms)
			ExecutionOrderSort (0ms)
			DisableScriptedObjects (12ms)
			BackupInstance (0ms)
			ReleaseScriptingObjects (0ms)
			CreateAndSetChildDomain (125ms)
		EndReloadAssembly (927ms)
			LoadAssemblies (131ms)
			RebuildTransferFunctionScriptingTraits (0ms)
			SetupTypeCache (335ms)
			ReleaseScriptCaches (1ms)
			RebuildScriptCaches (44ms)
			SetupLoadedEditorAssemblies (309ms)
				LogAssemblyErrors (0ms)
				InitializePlatformSupportModulesInManaged (6ms)
				SetLoadedEditorAssemblies (1ms)
				RefreshPlugins (0ms)
				BeforeProcessingInitializeOnLoad (81ms)
				ProcessInitializeOnLoadAttributes (203ms)
				ProcessInitializeOnLoadMethodAttributes (9ms)
				AfterProcessingInitializeOnLoad (9ms)
				EditorAssembliesLoaded (0ms)
			ExecutionOrderSort2 (0ms)
			AwakeInstancesAfterBackupRestoration (8ms)
Platform modules already initialized, skipping
Refreshing native plugins compatible for Editor in 0.29 ms, found 2 plugins.
Preloading 0 native plugins for Editor in 0.00 ms.
Unloading 1497 Unused Serialized files (Serialized files now loaded: 0)
System memory in use before: 71.5 MB.
System memory in use after: 71.6 MB.

Unloading 14 unused Assets to reduce memory usage. Loaded Objects now: 1982.
Total: 2.673900 ms (FindLiveObjects: 0.144700 ms CreateObjectMapping: 0.055600 ms MarkObjects: 2.452200 ms  DeleteObjects: 0.020400 ms)

AssetImportParameters requested are different than current active one (requested -> active):
  custom:framework-win-MediaFoundation: 216162199b28c13a410421893ffa2e32 -> 
  custom:video-decoder-ogg-theora: a1e56fd34408186e4bbccfd4996cb3dc -> 
  custom:container-muxer-webm: aa71ff27fc2769a1b78a27578f13a17b -> 
  custom:container-demuxer-webm: 4f35f7cbe854078d1ac9338744f61a02 -> 
  custom:container-demuxer-ogg: 62fdf1f143b41e24485cea50d1cbac27 -> 
  custom:video-encoder-webm-vp8: eb34c28f22e8b96e1ab97ce403110664 -> 
  custom:video-codec-MediaFoundation-h265: 746d11721c4dcdbdad8f713fa42b33f4 -> 
  custom:video-decoder-webm-vp8: 9c59270c3fd7afecdb556c50c9e8de78 -> 
  custom:audio-decoder-ogg-vorbis: bf7c407c2cedff20999df2af8eb42d56 -> 
  custom:audio-encoder-webm-vorbis: bf7c407c2cedff20999df2af8eb42d56 -> 
========================================================================
Received Prepare
Registering precompiled user dll's ...
Registered in 0.004492 seconds.
Begin MonoManager ReloadAssembly
Native extension for WindowsStandalone target not found
Native extension for WebGL target not found
Refreshing native plugins compatible for Editor in 0.31 ms, found 2 plugins.
Preloading 0 native plugins for Editor in 0.00 ms.
Mono: successfully reloaded assembly
- Completed reload, in  0.931 seconds
Domain Reload Profiling:
	ReloadAssembly (931ms)
		BeginReloadAssembly (110ms)
			ExecutionOrderSort (0ms)
			DisableScriptedObjects (4ms)
			BackupInstance (0ms)
			ReleaseScriptingObjects (0ms)
			CreateAndSetChildDomain (29ms)
		EndReloadAssembly (758ms)
			LoadAssemblies (88ms)
			RebuildTransferFunctionScriptingTraits (0ms)
			SetupTypeCache (280ms)
			ReleaseScriptCaches (1ms)
			RebuildScriptCaches (36ms)
			SetupLoadedEditorAssemblies (266ms)
				LogAssemblyErrors (0ms)
				InitializePlatformSupportModulesInManaged (5ms)
				SetLoadedEditorAssemblies (0ms)
				RefreshPlugins (0ms)
				BeforeProcessingInitializeOnLoad (81ms)
				ProcessInitializeOnLoadAttributes (163ms)
				ProcessInitializeOnLoadMethodAttributes (8ms)
				AfterProcessingInitializeOnLoad (7ms)
				EditorAssembliesLoaded (0ms)
			ExecutionOrderSort2 (0ms)
			AwakeInstancesAfterBackupRestoration (8ms)
Platform modules already initialized, skipping
Refreshing native plugins compatible for Editor in 0.30 ms, found 2 plugins.
Preloading 0 native plugins for Editor in 0.00 ms.
Unloading 1497 Unused Serialized files (Serialized files now loaded: 0)
System memory in use before: 71.5 MB.
System memory in use after: 71.6 MB.

Unloading 14 unused Assets to reduce memory usage. Loaded Objects now: 1984.
Total: 2.540600 ms (FindLiveObjects: 0.172300 ms CreateObjectMapping: 0.074800 ms MarkObjects: 2.274100 ms  DeleteObjects: 0.018300 ms)

AssetImportParameters requested are different than current active one (requested -> active):
  custom:framework-win-MediaFoundation: 216162199b28c13a410421893ffa2e32 -> 
  custom:video-decoder-ogg-theora: a1e56fd34408186e4bbccfd4996cb3dc -> 
  custom:container-muxer-webm: aa71ff27fc2769a1b78a27578f13a17b -> 
  custom:container-demuxer-webm: 4f35f7cbe854078d1ac9338744f61a02 -> 
  custom:container-demuxer-ogg: 62fdf1f143b41e24485cea50d1cbac27 -> 
  custom:video-encoder-webm-vp8: eb34c28f22e8b96e1ab97ce403110664 -> 
  custom:video-codec-MediaFoundation-h265: 746d11721c4dcdbdad8f713fa42b33f4 -> 
  custom:video-decoder-webm-vp8: 9c59270c3fd7afecdb556c50c9e8de78 -> 
  custom:audio-decoder-ogg-vorbis: bf7c407c2cedff20999df2af8eb42d56 -> 
  custom:audio-encoder-webm-vorbis: bf7c407c2cedff20999df2af8eb42d56 -> 
========================================================================
Received Prepare
Registering precompiled user dll's ...
Registered in 0.070841 seconds.
Begin MonoManager ReloadAssembly
Native extension for WindowsStandalone target not found
Native extension for WebGL target not found
Refreshing native plugins compatible for Editor in 0.33 ms, found 2 plugins.
Preloading 0 native plugins for Editor in 0.00 ms.
Mono: successfully reloaded assembly
- Completed reload, in  1.535 seconds
Domain Reload Profiling:
	ReloadAssembly (1548ms)
		BeginReloadAssembly (291ms)
			ExecutionOrderSort (0ms)
			DisableScriptedObjects (36ms)
			BackupInstance (0ms)
			ReleaseScriptingObjects (0ms)
			CreateAndSetChildDomain (124ms)
		EndReloadAssembly (1157ms)
			LoadAssemblies (139ms)
			RebuildTransferFunctionScriptingTraits (0ms)
			SetupTypeCache (536ms)
			ReleaseScriptCaches (1ms)
			RebuildScriptCaches (58ms)
			SetupLoadedEditorAssemblies (326ms)
				LogAssemblyErrors (0ms)
				InitializePlatformSupportModulesInManaged (5ms)
				SetLoadedEditorAssemblies (1ms)
				RefreshPlugins (0ms)
				BeforeProcessingInitializeOnLoad (88ms)
				ProcessInitializeOnLoadAttributes (210ms)
				ProcessInitializeOnLoadMethodAttributes (12ms)
				AfterProcessingInitializeOnLoad (10ms)
				EditorAssembliesLoaded (0ms)
			ExecutionOrderSort2 (0ms)
			AwakeInstancesAfterBackupRestoration (6ms)
Platform modules already initialized, skipping
Refreshing native plugins compatible for Editor in 0.40 ms, found 2 plugins.
Preloading 0 native plugins for Editor in 0.00 ms.
Unloading 1497 Unused Serialized files (Serialized files now loaded: 0)
System memory in use before: 71.5 MB.
System memory in use after: 71.6 MB.

Unloading 14 unused Assets to reduce memory usage. Loaded Objects now: 1986.
Total: 3.559100 ms (FindLiveObjects: 0.201100 ms CreateObjectMapping: 0.054600 ms MarkObjects: 2.919400 ms  DeleteObjects: 0.382600 ms)

AssetImportParameters requested are different than current active one (requested -> active):
  custom:framework-win-MediaFoundation: 216162199b28c13a410421893ffa2e32 -> 
  custom:video-decoder-ogg-theora: a1e56fd34408186e4bbccfd4996cb3dc -> 
  custom:container-muxer-webm: aa71ff27fc2769a1b78a27578f13a17b -> 
  custom:container-demuxer-webm: 4f35f7cbe854078d1ac9338744f61a02 -> 
  custom:container-demuxer-ogg: 62fdf1f143b41e24485cea50d1cbac27 -> 
  custom:video-encoder-webm-vp8: eb34c28f22e8b96e1ab97ce403110664 -> 
  custom:video-codec-MediaFoundation-h265: 746d11721c4dcdbdad8f713fa42b33f4 -> 
  custom:video-decoder-webm-vp8: 9c59270c3fd7afecdb556c50c9e8de78 -> 
  custom:audio-decoder-ogg-vorbis: bf7c407c2cedff20999df2af8eb42d56 -> 
  custom:audio-encoder-webm-vorbis: bf7c407c2cedff20999df2af8eb42d56 -> 
========================================================================
Received Prepare
Registering precompiled user dll's ...
Registered in 0.064742 seconds.
Begin MonoManager ReloadAssembly
Native extension for WindowsStandalone target not found
Native extension for WebGL target not found
Refreshing native plugins compatible for Editor in 0.36 ms, found 2 plugins.
Preloading 0 native plugins for Editor in 0.00 ms.
Mono: successfully reloaded assembly
- Completed reload, in  1.818 seconds
Domain Reload Profiling:
	ReloadAssembly (1839ms)
		BeginReloadAssembly (589ms)
			ExecutionOrderSort (0ms)
			DisableScriptedObjects (78ms)
			BackupInstance (0ms)
			ReleaseScriptingObjects (0ms)
			CreateAndSetChildDomain (289ms)
		EndReloadAssembly (1109ms)
			LoadAssemblies (205ms)
			RebuildTransferFunctionScriptingTraits (0ms)
			SetupTypeCache (414ms)
			ReleaseScriptCaches (1ms)
			RebuildScriptCaches (48ms)
			SetupLoadedEditorAssemblies (366ms)
				LogAssemblyErrors (0ms)
				InitializePlatformSupportModulesInManaged (10ms)
				SetLoadedEditorAssemblies (1ms)
				RefreshPlugins (0ms)
				BeforeProcessingInitializeOnLoad (95ms)
				ProcessInitializeOnLoadAttributes (236ms)
				ProcessInitializeOnLoadMethodAttributes (12ms)
				AfterProcessingInitializeOnLoad (11ms)
				EditorAssembliesLoaded (0ms)
			ExecutionOrderSort2 (0ms)
			AwakeInstancesAfterBackupRestoration (7ms)
Platform modules already initialized, skipping
Refreshing native plugins compatible for Editor in 0.38 ms, found 2 plugins.
Preloading 0 native plugins for Editor in 0.00 ms.
Unloading 1497 Unused Serialized files (Serialized files now loaded: 0)
System memory in use before: 71.5 MB.
System memory in use after: 71.6 MB.

Unloading 14 unused Assets to reduce memory usage. Loaded Objects now: 1988.
Total: 4.677500 ms (FindLiveObjects: 0.248800 ms CreateObjectMapping: 0.100800 ms MarkObjects: 4.271400 ms  DeleteObjects: 0.054100 ms)

AssetImportParameters requested are different than current active one (requested -> active):
  custom:framework-win-MediaFoundation: 216162199b28c13a410421893ffa2e32 -> 
  custom:video-decoder-ogg-theora: a1e56fd34408186e4bbccfd4996cb3dc -> 
  custom:container-muxer-webm: aa71ff27fc2769a1b78a27578f13a17b -> 
  custom:container-demuxer-webm: 4f35f7cbe854078d1ac9338744f61a02 -> 
  custom:container-demuxer-ogg: 62fdf1f143b41e24485cea50d1cbac27 -> 
  custom:video-encoder-webm-vp8: eb34c28f22e8b96e1ab97ce403110664 -> 
  custom:video-codec-MediaFoundation-h265: 746d11721c4dcdbdad8f713fa42b33f4 -> 
  custom:video-decoder-webm-vp8: 9c59270c3fd7afecdb556c50c9e8de78 -> 
  custom:audio-decoder-ogg-vorbis: bf7c407c2cedff20999df2af8eb42d56 -> 
  custom:audio-encoder-webm-vorbis: bf7c407c2cedff20999df2af8eb42d56 -> 
========================================================================
Received Prepare
Registering precompiled user dll's ...
Registered in 0.004563 seconds.
Begin MonoManager ReloadAssembly
Native extension for WindowsStandalone target not found
Native extension for WebGL target not found
Refreshing native plugins compatible for Editor in 0.36 ms, found 2 plugins.
Preloading 0 native plugins for Editor in 0.00 ms.
Mono: successfully reloaded assembly
- Completed reload, in  1.167 seconds
Domain Reload Profiling:
	ReloadAssembly (1168ms)
		BeginReloadAssembly (142ms)
			ExecutionOrderSort (0ms)
			DisableScriptedObjects (6ms)
			BackupInstance (0ms)
			ReleaseScriptingObjects (0ms)
			CreateAndSetChildDomain (34ms)
		EndReloadAssembly (946ms)
			LoadAssemblies (108ms)
			RebuildTransferFunctionScriptingTraits (0ms)
			SetupTypeCache (374ms)
			ReleaseScriptCaches (1ms)
			RebuildScriptCaches (45ms)
			SetupLoadedEditorAssemblies (312ms)
				LogAssemblyErrors (0ms)
				InitializePlatformSupportModulesInManaged (6ms)
				SetLoadedEditorAssemblies (1ms)
				RefreshPlugins (0ms)
				BeforeProcessingInitializeOnLoad (85ms)
				ProcessInitializeOnLoadAttributes (203ms)
				ProcessInitializeOnLoadMethodAttributes (9ms)
				AfterProcessingInitializeOnLoad (9ms)
				EditorAssembliesLoaded (0ms)
			ExecutionOrderSort2 (0ms)
			AwakeInstancesAfterBackupRestoration (7ms)
Platform modules already initialized, skipping
Refreshing native plugins compatible for Editor in 0.36 ms, found 2 plugins.
Preloading 0 native plugins for Editor in 0.00 ms.
Unloading 1497 Unused Serialized files (Serialized files now loaded: 0)
System memory in use before: 71.5 MB.
System memory in use after: 71.6 MB.

Unloading 14 unused Assets to reduce memory usage. Loaded Objects now: 1990.
Total: 4.075900 ms (FindLiveObjects: 0.203400 ms CreateObjectMapping: 0.096800 ms MarkObjects: 3.749700 ms  DeleteObjects: 0.024800 ms)

AssetImportParameters requested are different than current active one (requested -> active):
  custom:framework-win-MediaFoundation: 216162199b28c13a410421893ffa2e32 -> 
  custom:video-decoder-ogg-theora: a1e56fd34408186e4bbccfd4996cb3dc -> 
  custom:container-muxer-webm: aa71ff27fc2769a1b78a27578f13a17b -> 
  custom:container-demuxer-webm: 4f35f7cbe854078d1ac9338744f61a02 -> 
  custom:container-demuxer-ogg: 62fdf1f143b41e24485cea50d1cbac27 -> 
  custom:video-encoder-webm-vp8: eb34c28f22e8b96e1ab97ce403110664 -> 
  custom:video-codec-MediaFoundation-h265: 746d11721c4dcdbdad8f713fa42b33f4 -> 
  custom:video-decoder-webm-vp8: 9c59270c3fd7afecdb556c50c9e8de78 -> 
  custom:audio-decoder-ogg-vorbis: bf7c407c2cedff20999df2af8eb42d56 -> 
  custom:audio-encoder-webm-vorbis: bf7c407c2cedff20999df2af8eb42d56 -> 
========================================================================
Received Prepare
Registering precompiled user dll's ...
Registered in 0.080769 seconds.
Begin MonoManager ReloadAssembly
Native extension for WindowsStandalone target not found
Native extension for WebGL target not found
Refreshing native plugins compatible for Editor in 0.33 ms, found 2 plugins.
Preloading 0 native plugins for Editor in 0.00 ms.
Mono: successfully reloaded assembly
- Completed reload, in  1.457 seconds
Domain Reload Profiling:
	ReloadAssembly (1458ms)
		BeginReloadAssembly (137ms)
			ExecutionOrderSort (0ms)
			DisableScriptedObjects (9ms)
			BackupInstance (0ms)
			ReleaseScriptingObjects (0ms)
			CreateAndSetChildDomain (38ms)
		EndReloadAssembly (1233ms)
			LoadAssemblies (119ms)
			RebuildTransferFunctionScriptingTraits (0ms)
			SetupTypeCache (440ms)
			ReleaseScriptCaches (1ms)
			RebuildScriptCaches (55ms)
			SetupLoadedEditorAssemblies (460ms)
				LogAssemblyErrors (0ms)
				InitializePlatformSupportModulesInManaged (7ms)
				SetLoadedEditorAssemblies (1ms)
				RefreshPlugins (0ms)
				BeforeProcessingInitializeOnLoad (117ms)
				ProcessInitializeOnLoadAttributes (303ms)
				ProcessInitializeOnLoadMethodAttributes (18ms)
				AfterProcessingInitializeOnLoad (13ms)
				EditorAssembliesLoaded (0ms)
			ExecutionOrderSort2 (0ms)
			AwakeInstancesAfterBackupRestoration (12ms)
Platform modules already initialized, skipping
Refreshing native plugins compatible for Editor in 0.35 ms, found 2 plugins.
Preloading 0 native plugins for Editor in 0.00 ms.
Unloading 1497 Unused Serialized files (Serialized files now loaded: 0)
System memory in use before: 71.5 MB.
System memory in use after: 71.6 MB.

Unloading 14 unused Assets to reduce memory usage. Loaded Objects now: 1992.
Total: 2.933500 ms (FindLiveObjects: 0.192900 ms CreateObjectMapping: 0.068000 ms MarkObjects: 2.651800 ms  DeleteObjects: 0.019300 ms)

AssetImportParameters requested are different than current active one (requested -> active):
  custom:framework-win-MediaFoundation: 216162199b28c13a410421893ffa2e32 -> 
  custom:video-decoder-ogg-theora: a1e56fd34408186e4bbccfd4996cb3dc -> 
  custom:container-muxer-webm: aa71ff27fc2769a1b78a27578f13a17b -> 
  custom:container-demuxer-webm: 4f35f7cbe854078d1ac9338744f61a02 -> 
  custom:container-demuxer-ogg: 62fdf1f143b41e24485cea50d1cbac27 -> 
  custom:video-encoder-webm-vp8: eb34c28f22e8b96e1ab97ce403110664 -> 
  custom:video-codec-MediaFoundation-h265: 746d11721c4dcdbdad8f713fa42b33f4 -> 
  custom:video-decoder-webm-vp8: 9c59270c3fd7afecdb556c50c9e8de78 -> 
  custom:audio-decoder-ogg-vorbis: bf7c407c2cedff20999df2af8eb42d56 -> 
  custom:audio-encoder-webm-vorbis: bf7c407c2cedff20999df2af8eb42d56 -> 
========================================================================
Received Prepare
Registering precompiled user dll's ...
Registered in 0.048957 seconds.
Begin MonoManager ReloadAssembly
Native extension for WindowsStandalone target not found
Native extension for WebGL target not found
Refreshing native plugins compatible for Editor in 0.54 ms, found 2 plugins.
Preloading 0 native plugins for Editor in 0.00 ms.
Mono: successfully reloaded assembly
- Completed reload, in  2.225 seconds
Domain Reload Profiling:
	ReloadAssembly (2226ms)
		BeginReloadAssembly (253ms)
			ExecutionOrderSort (0ms)
			DisableScriptedObjects (6ms)
			BackupInstance (0ms)
			ReleaseScriptingObjects (0ms)
			CreateAndSetChildDomain (67ms)
		EndReloadAssembly (1574ms)
			LoadAssemblies (280ms)
			RebuildTransferFunctionScriptingTraits (0ms)
			SetupTypeCache (620ms)
			ReleaseScriptCaches (1ms)
			RebuildScriptCaches (78ms)
			SetupLoadedEditorAssemblies (473ms)
				LogAssemblyErrors (0ms)
				InitializePlatformSupportModulesInManaged (6ms)
				SetLoadedEditorAssemblies (1ms)
				RefreshPlugins (1ms)
				BeforeProcessingInitializeOnLoad (102ms)
				ProcessInitializeOnLoadAttributes (329ms)
				ProcessInitializeOnLoadMethodAttributes (15ms)
				AfterProcessingInitializeOnLoad (18ms)
				EditorAssembliesLoaded (1ms)
			ExecutionOrderSort2 (0ms)
			AwakeInstancesAfterBackupRestoration (13ms)
Platform modules already initialized, skipping
Refreshing native plugins compatible for Editor in 0.91 ms, found 2 plugins.
Preloading 0 native plugins for Editor in 0.00 ms.
Unloading 1497 Unused Serialized files (Serialized files now loaded: 0)
System memory in use before: 71.5 MB.
System memory in use after: 71.6 MB.

Unloading 14 unused Assets to reduce memory usage. Loaded Objects now: 1994.
Total: 4.112200 ms (FindLiveObjects: 0.229300 ms CreateObjectMapping: 0.102100 ms MarkObjects: 3.752700 ms  DeleteObjects: 0.026200 ms)

AssetImportParameters requested are different than current active one (requested -> active):
  custom:framework-win-MediaFoundation: 216162199b28c13a410421893ffa2e32 -> 
  custom:video-decoder-ogg-theora: a1e56fd34408186e4bbccfd4996cb3dc -> 
  custom:container-muxer-webm: aa71ff27fc2769a1b78a27578f13a17b -> 
  custom:container-demuxer-webm: 4f35f7cbe854078d1ac9338744f61a02 -> 
  custom:container-demuxer-ogg: 62fdf1f143b41e24485cea50d1cbac27 -> 
  custom:video-encoder-webm-vp8: eb34c28f22e8b96e1ab97ce403110664 -> 
  custom:video-codec-MediaFoundation-h265: 746d11721c4dcdbdad8f713fa42b33f4 -> 
  custom:video-decoder-webm-vp8: 9c59270c3fd7afecdb556c50c9e8de78 -> 
  custom:audio-decoder-ogg-vorbis: bf7c407c2cedff20999df2af8eb42d56 -> 
  custom:audio-encoder-webm-vorbis: bf7c407c2cedff20999df2af8eb42d56 -> 
========================================================================
Received Prepare
Registering precompiled user dll's ...
Registered in 0.006963 seconds.
Begin MonoManager ReloadAssembly
Native extension for WindowsStandalone target not found
Native extension for WebGL target not found
Refreshing native plugins compatible for Editor in 0.37 ms, found 2 plugins.
Preloading 0 native plugins for Editor in 0.00 ms.
Mono: successfully reloaded assembly
- Completed reload, in  1.049 seconds
Domain Reload Profiling:
	ReloadAssembly (1050ms)
		BeginReloadAssembly (119ms)
			ExecutionOrderSort (0ms)
			DisableScriptedObjects (5ms)
			BackupInstance (0ms)
			ReleaseScriptingObjects (0ms)
			CreateAndSetChildDomain (28ms)
		EndReloadAssembly (859ms)
			LoadAssemblies (93ms)
			RebuildTransferFunctionScriptingTraits (0ms)
			SetupTypeCache (322ms)
			ReleaseScriptCaches (1ms)
			RebuildScriptCaches (37ms)
			SetupLoadedEditorAssemblies (305ms)
				LogAssemblyErrors (0ms)
				InitializePlatformSupportModulesInManaged (7ms)
				SetLoadedEditorAssemblies (0ms)
				RefreshPlugins (0ms)
				BeforeProcessingInitializeOnLoad (81ms)
				ProcessInitializeOnLoadAttributes (201ms)
				ProcessInitializeOnLoadMethodAttributes (8ms)
				AfterProcessingInitializeOnLoad (8ms)
				EditorAssembliesLoaded (0ms)
			ExecutionOrderSort2 (0ms)
			AwakeInstancesAfterBackupRestoration (6ms)
Platform modules already initialized, skipping
Refreshing native plugins compatible for Editor in 0.32 ms, found 2 plugins.
Preloading 0 native plugins for Editor in 0.00 ms.
Unloading 1497 Unused Serialized files (Serialized files now loaded: 0)
System memory in use before: 71.5 MB.
System memory in use after: 71.6 MB.

Unloading 14 unused Assets to reduce memory usage. Loaded Objects now: 1996.
Total: 2.833500 ms (FindLiveObjects: 0.136900 ms CreateObjectMapping: 0.051700 ms MarkObjects: 2.300000 ms  DeleteObjects: 0.343700 ms)

AssetImportParameters requested are different than current active one (requested -> active):
  custom:framework-win-MediaFoundation: 216162199b28c13a410421893ffa2e32 -> 
  custom:video-decoder-ogg-theora: a1e56fd34408186e4bbccfd4996cb3dc -> 
  custom:container-muxer-webm: aa71ff27fc2769a1b78a27578f13a17b -> 
  custom:container-demuxer-webm: 4f35f7cbe854078d1ac9338744f61a02 -> 
  custom:container-demuxer-ogg: 62fdf1f143b41e24485cea50d1cbac27 -> 
  custom:video-encoder-webm-vp8: eb34c28f22e8b96e1ab97ce403110664 -> 
  custom:video-codec-MediaFoundation-h265: 746d11721c4dcdbdad8f713fa42b33f4 -> 
  custom:video-decoder-webm-vp8: 9c59270c3fd7afecdb556c50c9e8de78 -> 
  custom:audio-decoder-ogg-vorbis: bf7c407c2cedff20999df2af8eb42d56 -> 
  custom:audio-encoder-webm-vorbis: bf7c407c2cedff20999df2af8eb42d56 -> 
========================================================================
Received Import Request.
  Time since last request: 109518.490636 seconds.
  path: Assets/Art/Models/Emission.png
  artifactKey: Guid(e36766fb1d6b7e544922a04d7bfc8bb7) Importer(815301076,1909f56bfc062723c751e8b465ee728b)
Start importing Assets/Art/Models/Emission.png using Guid(e36766fb1d6b7e544922a04d7bfc8bb7) Importer(815301076,1909f56bfc062723c751e8b465ee728b)  -> (artifact id: '50a88d8d9cb8d75efb0ad12ae39406f1') in 0.382539 seconds 
  Import took 0.518332 seconds .

========================================================================
Received Import Request.
  Time since last request: 0.000495 seconds.
  path: Assets/Art/Models/ORC_CASTLE_05_to_tile-96.png
  artifactKey: Guid(b9d979cdb68acb44d9bb05a0a559f836) Importer(815301076,1909f56bfc062723c751e8b465ee728b)
Start importing Assets/Art/Models/ORC_CASTLE_05_to_tile-96.png using Guid(b9d979cdb68acb44d9bb05a0a559f836) Importer(815301076,1909f56bfc062723c751e8b465ee728b)  -> (artifact id: 'c9b0567550035163373ec28efc3af68f') in 0.024193 seconds 
  Import took 0.057062 seconds .

========================================================================
Received Import Request.
  Time since last request: 0.000186 seconds.
  path: Assets/Art/Models/Opacity.png
  artifactKey: Guid(8e95f8e083e5e9647b8b6f3e492712cf) Importer(815301076,1909f56bfc062723c751e8b465ee728b)
Start importing Assets/Art/Models/Opacity.png using Guid(8e95f8e083e5e9647b8b6f3e492712cf) Importer(815301076,1909f56bfc062723c751e8b465ee728b)  -> (artifact id: '601afc2d9c27e18df9022e4683e8f49e') in 0.035332 seconds 
  Import took 0.064463 seconds .

========================================================================
Received Import Request.
  Time since last request: 0.000186 seconds.
  path: Assets/Art/Models/Orc_Castle.fbx
  artifactKey: Guid(fe6ac37a55e1d2946812bb9d5b2f442f) Importer(815301076,1909f56bfc062723c751e8b465ee728b)
Start importing Assets/Art/Models/Orc_Castle.fbx using Guid(fe6ac37a55e1d2946812bb9d5b2f442f) Importer(815301076,1909f56bfc062723c751e8b465ee728b)  -> (artifact id: 'a0ebe6bdd37433566b6fe03fcb22a028') in 9.681285 seconds 
  Import took 9.820760 seconds .

========================================================================
Received Import Request.
  Time since last request: 211.863231 seconds.
  path: Assets/Art/Prefabs/King_on_an_ostrich_geo_01.prefab
  artifactKey: Guid(d0ce5dcd28ddf704d84b784a6b853a18) Importer(815301076,1909f56bfc062723c751e8b465ee728b)
Start importing Assets/Art/Prefabs/King_on_an_ostrich_geo_01.prefab using Guid(d0ce5dcd28ddf704d84b784a6b853a18) Importer(815301076,1909f56bfc062723c751e8b465ee728b)  -> (artifact id: 'f4c4da4c7e65d003ddee3461d1cd063e') in 0.106807 seconds 
  Import took 0.117180 seconds .

========================================================================
Received Import Request.
  Time since last request: 165.277185 seconds.
  path: Assets/Art/Prefabs/Square_geo__03.prefab
  artifactKey: Guid(356c92195d0764c4b93a63ccd0ae92be) Importer(815301076,1909f56bfc062723c751e8b465ee728b)
Start importing Assets/Art/Prefabs/Square_geo__03.prefab using Guid(356c92195d0764c4b93a63ccd0ae92be) Importer(815301076,1909f56bfc062723c751e8b465ee728b)  -> (artifact id: 'f98374cdcfb57136b5540142e6e5c091') in 0.019711 seconds 
  Import took 0.054072 seconds .

========================================================================
Received Import Request.
  Time since last request: 53.285794 seconds.
  path: Assets/Art/Prefabs/plaza__left_edge.prefab
  artifactKey: Guid(356c92195d0764c4b93a63ccd0ae92be) Importer(815301076,1909f56bfc062723c751e8b465ee728b)
Start importing Assets/Art/Prefabs/plaza__left_edge.prefab using Guid(356c92195d0764c4b93a63ccd0ae92be) Importer(815301076,1909f56bfc062723c751e8b465ee728b)  -> (artifact id: 'e4ef91631f4c7e948d41c66ae08f6da6') in 0.016836 seconds 
  Import took 0.358328 seconds .

========================================================================
Received Import Request.
  Time since last request: 3.736585 seconds.
  path: Assets/Art/Prefabs/Square_geo__04.prefab
  artifactKey: Guid(105f53c59dc86c24d9758167a131772c) Importer(815301076,1909f56bfc062723c751e8b465ee728b)
Start importing Assets/Art/Prefabs/Square_geo__04.prefab using Guid(105f53c59dc86c24d9758167a131772c) Importer(815301076,1909f56bfc062723c751e8b465ee728b)  -> (artifact id: '8454319a5da63d231839d57bc6942485') in 0.021884 seconds 
  Import took 0.036370 seconds .

========================================================================
Received Import Request.
  Time since last request: 12.574260 seconds.
  path: Assets/Art/Prefabs/square_middle.prefab
  artifactKey: Guid(105f53c59dc86c24d9758167a131772c) Importer(815301076,1909f56bfc062723c751e8b465ee728b)
Start importing Assets/Art/Prefabs/square_middle.prefab using Guid(105f53c59dc86c24d9758167a131772c) Importer(815301076,1909f56bfc062723c751e8b465ee728b)  -> (artifact id: '6809e44b9ce717cf394d373c1d1d39f1') in 0.018975 seconds 
  Import took 0.087778 seconds .

========================================================================
Received Import Request.
  Time since last request: 4.973429 seconds.
  path: Assets/Art/Prefabs/square_left_edge.prefab
  artifactKey: Guid(356c92195d0764c4b93a63ccd0ae92be) Importer(815301076,1909f56bfc062723c751e8b465ee728b)
Start importing Assets/Art/Prefabs/square_left_edge.prefab using Guid(356c92195d0764c4b93a63ccd0ae92be) Importer(815301076,1909f56bfc062723c751e8b465ee728b)  -> (artifact id: 'c788c4649d7744ab89ffe2e3849f1910') in 0.018020 seconds 
  Import took 0.046560 seconds .

========================================================================
Received Import Request.
  Time since last request: 3.544442 seconds.
  path: Assets/Art/Prefabs/Square_geo__01.prefab
  artifactKey: Guid(efc4729a05c530346b41916bb23c8510) Importer(815301076,1909f56bfc062723c751e8b465ee728b)
Start importing Assets/Art/Prefabs/Square_geo__01.prefab using Guid(efc4729a05c530346b41916bb23c8510) Importer(815301076,1909f56bfc062723c751e8b465ee728b)  -> (artifact id: '39f7b39701be42bfb0a2c46428c1a5e7') in 0.019973 seconds 
  Import took 0.036543 seconds .

========================================================================
Received Import Request.
  Time since last request: 42.023989 seconds.
  path: Assets/Art/Prefabs/Square_top_with_left_entry.prefab
  artifactKey: Guid(efc4729a05c530346b41916bb23c8510) Importer(815301076,1909f56bfc062723c751e8b465ee728b)
Start importing Assets/Art/Prefabs/Square_top_with_left_entry.prefab using Guid(efc4729a05c530346b41916bb23c8510) Importer(815301076,1909f56bfc062723c751e8b465ee728b)  -> (artifact id: 'e730aa1ace6ed233dbae6bd55c3b17c6') in 0.019690 seconds 
  Import took 0.045081 seconds .

========================================================================
Received Import Request.
  Time since last request: 4.295888 seconds.
  path: Assets/Art/Prefabs/Square_middle.prefab
  artifactKey: Guid(105f53c59dc86c24d9758167a131772c) Importer(815301076,1909f56bfc062723c751e8b465ee728b)
Start importing Assets/Art/Prefabs/Square_middle.prefab using Guid(105f53c59dc86c24d9758167a131772c) Importer(815301076,1909f56bfc062723c751e8b465ee728b)  -> (artifact id: '034bb22deb23ed4b3bd51bc918dd9d4f') in 0.018790 seconds 
  Import took 0.054066 seconds .

========================================================================
Received Import Request.
  Time since last request: 2.886894 seconds.
  path: Assets/Art/Prefabs/Square_left_edge.prefab
  artifactKey: Guid(356c92195d0764c4b93a63ccd0ae92be) Importer(815301076,1909f56bfc062723c751e8b465ee728b)
Start importing Assets/Art/Prefabs/Square_left_edge.prefab using Guid(356c92195d0764c4b93a63ccd0ae92be) Importer(815301076,1909f56bfc062723c751e8b465ee728b)  -> (artifact id: 'e2affae0d1024ffe1fbd7a9e035e58a2') in 0.018883 seconds 
  Import took 0.027315 seconds .

========================================================================
Received Import Request.
  Time since last request: 17.849731 seconds.
  path: Assets/Art/Prefabs/Square_geo__02.prefab
  artifactKey: Guid(ff20a35dc989f4545a4aa48ea09cb07a) Importer(815301076,1909f56bfc062723c751e8b465ee728b)
Start importing Assets/Art/Prefabs/Square_geo__02.prefab using Guid(ff20a35dc989f4545a4aa48ea09cb07a) Importer(815301076,1909f56bfc062723c751e8b465ee728b)  -> (artifact id: 'af9850c887ad9d7faa8c927fb2a958ba') in 0.021980 seconds 
  Import took 0.032432 seconds .

========================================================================
Received Import Request.
  Time since last request: 13.575229 seconds.
  path: Assets/Art/Prefabs/Square_top_with_entry.prefab
  artifactKey: Guid(ff20a35dc989f4545a4aa48ea09cb07a) Importer(815301076,1909f56bfc062723c751e8b465ee728b)
Start importing Assets/Art/Prefabs/Square_top_with_entry.prefab using Guid(ff20a35dc989f4545a4aa48ea09cb07a) Importer(815301076,1909f56bfc062723c751e8b465ee728b)  -> (artifact id: '5dc91b0b0f43a4b91f4077b624c0d082') in 0.021090 seconds 
  Import took 0.037749 seconds .

========================================================================
Received Import Request.
  Time since last request: 9.264995 seconds.
  path: Assets/Art/Prefabs/Square_left.prefab
  artifactKey: Guid(356c92195d0764c4b93a63ccd0ae92be) Importer(815301076,1909f56bfc062723c751e8b465ee728b)
Start importing Assets/Art/Prefabs/Square_left.prefab using Guid(356c92195d0764c4b93a63ccd0ae92be) Importer(815301076,1909f56bfc062723c751e8b465ee728b)  -> (artifact id: 'a9e9386fc59fd54d593f22613b24cb3c') in 0.018681 seconds 
  Import took 0.064758 seconds .

========================================================================
Received Import Request.
  Time since last request: 5.258033 seconds.
  path: Assets/Art/Prefabs/Square_geo__06.prefab
  artifactKey: Guid(735c1d3ec93e73149b86f8558c955c07) Importer(815301076,1909f56bfc062723c751e8b465ee728b)
Start importing Assets/Art/Prefabs/Square_geo__06.prefab using Guid(735c1d3ec93e73149b86f8558c955c07) Importer(815301076,1909f56bfc062723c751e8b465ee728b)  -> (artifact id: 'dbc485488ebdeff8d0afa8ad12433578') in 0.016969 seconds 
  Import took 0.025443 seconds .

========================================================================
Received Import Request.
  Time since last request: 10.786007 seconds.
  path: Assets/Art/Prefabs/Square_left_button.prefab
  artifactKey: Guid(735c1d3ec93e73149b86f8558c955c07) Importer(815301076,1909f56bfc062723c751e8b465ee728b)
Start importing Assets/Art/Prefabs/Square_left_button.prefab using Guid(735c1d3ec93e73149b86f8558c955c07) Importer(815301076,1909f56bfc062723c751e8b465ee728b)  -> (artifact id: 'dd9942ac5e959959f7c381fb422b3064') in 0.016569 seconds 
  Import took 0.032851 seconds .

========================================================================
Received Import Request.
  Time since last request: 27.549461 seconds.
  path: Assets/Art/Prefabs/Square_left_bottom.prefab
  artifactKey: Guid(735c1d3ec93e73149b86f8558c955c07) Importer(815301076,1909f56bfc062723c751e8b465ee728b)
Start importing Assets/Art/Prefabs/Square_left_bottom.prefab using Guid(735c1d3ec93e73149b86f8558c955c07) Importer(815301076,1909f56bfc062723c751e8b465ee728b)  -> (artifact id: '1b5d40475ad2467f4f19f942de9977e1') in 0.019090 seconds 
  Import took 0.026196 seconds .

========================================================================
Received Import Request.
  Time since last request: 7.938890 seconds.
  path: Assets/Art/Prefabs/Square_geo__05.prefab
  artifactKey: Guid(21bbe557f0c08754ba2c0500cb76a00f) Importer(815301076,1909f56bfc062723c751e8b465ee728b)
Start importing Assets/Art/Prefabs/Square_geo__05.prefab using Guid(21bbe557f0c08754ba2c0500cb76a00f) Importer(815301076,1909f56bfc062723c751e8b465ee728b)  -> (artifact id: '42b973f1e99a7507b9f9ba2f6add45d8') in 0.019621 seconds 
  Import took 0.032805 seconds .

========================================================================
Received Import Request.
  Time since last request: 9.081941 seconds.
  path: Assets/Art/Prefabs/Square_bottom.prefab
  artifactKey: Guid(21bbe557f0c08754ba2c0500cb76a00f) Importer(815301076,1909f56bfc062723c751e8b465ee728b)
Start importing Assets/Art/Prefabs/Square_bottom.prefab using Guid(21bbe557f0c08754ba2c0500cb76a00f) Importer(815301076,1909f56bfc062723c751e8b465ee728b)  -> (artifact id: 'f0c3bf76c1dea50fb4e9d56c0dba25e8') in 0.017702 seconds 
  Import took 0.055732 seconds .

========================================================================
Received Import Request.
  Time since last request: 2.126323 seconds.
  path: Assets/Art/Prefabs/Square_geo__07.prefab
  artifactKey: Guid(9653580aed348684bada0ed479e3a309) Importer(815301076,1909f56bfc062723c751e8b465ee728b)
Start importing Assets/Art/Prefabs/Square_geo__07.prefab using Guid(9653580aed348684bada0ed479e3a309) Importer(815301076,1909f56bfc062723c751e8b465ee728b)  -> (artifact id: '6562c4bc502962f6faa1d01c625672b8') in 0.019139 seconds 
  Import took 0.024972 seconds .

========================================================================
Received Import Request.
  Time since last request: 13.099012 seconds.
  path: Assets/Art/Prefabs/Square_bottom_with_entry.prefab
  artifactKey: Guid(9653580aed348684bada0ed479e3a309) Importer(815301076,1909f56bfc062723c751e8b465ee728b)
Start importing Assets/Art/Prefabs/Square_bottom_with_entry.prefab using Guid(9653580aed348684bada0ed479e3a309) Importer(815301076,1909f56bfc062723c751e8b465ee728b)  -> (artifact id: '61d10d63b82ae0caf86d61f6a18e0560') in 0.015852 seconds 
  Import took 0.030907 seconds .

========================================================================
Received Import Request.
  Time since last request: 10.704350 seconds.
  path: Assets/Art/Prefabs/Square_geo__15.prefab
  artifactKey: Guid(e26a41329cd437d47a3461a395992a2c) Importer(815301076,1909f56bfc062723c751e8b465ee728b)
Start importing Assets/Art/Prefabs/Square_geo__15.prefab using Guid(e26a41329cd437d47a3461a395992a2c) Importer(815301076,1909f56bfc062723c751e8b465ee728b)  -> (artifact id: 'aa64b8ccefb661da5cd31771dfabf0f4') in 0.022613 seconds 
  Import took 0.033479 seconds .

========================================================================
Received Import Request.
  Time since last request: 13.169405 seconds.
  path: Assets/Art/Prefabs/Square_bottom_right.prefab
  artifactKey: Guid(e26a41329cd437d47a3461a395992a2c) Importer(815301076,1909f56bfc062723c751e8b465ee728b)
Start importing Assets/Art/Prefabs/Square_bottom_right.prefab using Guid(e26a41329cd437d47a3461a395992a2c) Importer(815301076,1909f56bfc062723c751e8b465ee728b)  -> (artifact id: '1f79190322ea9eec20b6424ff48843e4') in 0.017373 seconds 
  Import took 0.052227 seconds .

========================================================================
Received Import Request.
  Time since last request: 8.860774 seconds.
  path: Assets/Art/Prefabs/Square_bottom_left.prefab
  artifactKey: Guid(735c1d3ec93e73149b86f8558c955c07) Importer(815301076,1909f56bfc062723c751e8b465ee728b)
Start importing Assets/Art/Prefabs/Square_bottom_left.prefab using Guid(735c1d3ec93e73149b86f8558c955c07) Importer(815301076,1909f56bfc062723c751e8b465ee728b)  -> (artifact id: '48c34066c4b92ff7b7b5cada4ea925f6') in 0.019148 seconds 
  Import took 0.032696 seconds .

========================================================================
Received Import Request.
  Time since last request: 18.460632 seconds.
  path: Assets/Art/Prefabs/Square_geo__12.prefab
  artifactKey: Guid(56bf3227bcc7ccb428c1a1c3f641aa66) Importer(815301076,1909f56bfc062723c751e8b465ee728b)
Start importing Assets/Art/Prefabs/Square_geo__12.prefab using Guid(56bf3227bcc7ccb428c1a1c3f641aa66) Importer(815301076,1909f56bfc062723c751e8b465ee728b)  -> (artifact id: '39c14541afa9f7e8a63ba7b6dee9537d') in 0.019288 seconds 
  Import took 0.023616 seconds .

========================================================================
Received Import Request.
  Time since last request: 7.896469 seconds.
  path: Assets/Art/Prefabs/Square_right.prefab
  artifactKey: Guid(56bf3227bcc7ccb428c1a1c3f641aa66) Importer(815301076,1909f56bfc062723c751e8b465ee728b)
Start importing Assets/Art/Prefabs/Square_right.prefab using Guid(56bf3227bcc7ccb428c1a1c3f641aa66) Importer(815301076,1909f56bfc062723c751e8b465ee728b)  -> (artifact id: 'eb9439de4460632e4132992a0e3febfb') in 0.018923 seconds 
  Import took 0.038217 seconds .

========================================================================
Received Import Request.
  Time since last request: 7.055838 seconds.
  path: Assets/Art/Prefabs/Square_geo__11.prefab
  artifactKey: Guid(8380cd419babfc64bb4ca532199d7741) Importer(815301076,1909f56bfc062723c751e8b465ee728b)
Start importing Assets/Art/Prefabs/Square_geo__11.prefab using Guid(8380cd419babfc64bb4ca532199d7741) Importer(815301076,1909f56bfc062723c751e8b465ee728b)  -> (artifact id: 'd84403e69c2427901809f9561f4157cc') in 0.020469 seconds 
  Import took 0.023940 seconds .

========================================================================
Received Import Request.
  Time since last request: 10.473501 seconds.
  path: Assets/Art/Prefabs/Square_top_with_right_entry.prefab
  artifactKey: Guid(8380cd419babfc64bb4ca532199d7741) Importer(815301076,1909f56bfc062723c751e8b465ee728b)
Start importing Assets/Art/Prefabs/Square_top_with_right_entry.prefab using Guid(8380cd419babfc64bb4ca532199d7741) Importer(815301076,1909f56bfc062723c751e8b465ee728b)  -> (artifact id: 'c8f024cdb25053192fafd70fe8dd7109') in 0.018924 seconds 
  Import took 0.044487 seconds .

========================================================================
Received Import Request.
  Time since last request: 7.558963 seconds.
  path: Assets/Art/Prefabs/Square_geo__09.prefab
  artifactKey: Guid(72c4dcf1de9e1fe4486bc0578a9b0b72) Importer(815301076,1909f56bfc062723c751e8b465ee728b)
Start importing Assets/Art/Prefabs/Square_geo__09.prefab using Guid(72c4dcf1de9e1fe4486bc0578a9b0b72) Importer(815301076,1909f56bfc062723c751e8b465ee728b)  -> (artifact id: 'f8cffb5dab9ce7c307b96f8b4aeff98b') in 0.180165 seconds 
  Import took 0.183178 seconds .

========================================================================
Received Import Request.
  Time since last request: 5.420860 seconds.
  path: Assets/Art/Prefabs/Square_top.prefab
  artifactKey: Guid(72c4dcf1de9e1fe4486bc0578a9b0b72) Importer(815301076,1909f56bfc062723c751e8b465ee728b)
Start importing Assets/Art/Prefabs/Square_top.prefab using Guid(72c4dcf1de9e1fe4486bc0578a9b0b72) Importer(815301076,1909f56bfc062723c751e8b465ee728b)  -> (artifact id: 'aa0caa581a033bf16b5f0922a60f562c') in 0.017574 seconds 
  Import took 0.020893 seconds .

========================================================================
Received Import Request.
  Time since last request: 59.636031 seconds.
  path: Assets/Art/Prefabs/Platform
  artifactKey: Guid(45fa0fc1cca821c4481f4251bdd6e3d7) Importer(815301076,1909f56bfc062723c751e8b465ee728b)
Start importing Assets/Art/Prefabs/Platform using Guid(45fa0fc1cca821c4481f4251bdd6e3d7) Importer(815301076,1909f56bfc062723c751e8b465ee728b)  -> (artifact id: 'ab70ad81604c2557bc962c9a8c228f5f') in 0.007961 seconds 
  Import took 0.026056 seconds .

========================================================================
Received Import Request.
  Time since last request: 9.082206 seconds.
  path: Assets/Art/Prefabs/Platforms
  artifactKey: Guid(45fa0fc1cca821c4481f4251bdd6e3d7) Importer(815301076,1909f56bfc062723c751e8b465ee728b)
Start importing Assets/Art/Prefabs/Platforms using Guid(45fa0fc1cca821c4481f4251bdd6e3d7) Importer(815301076,1909f56bfc062723c751e8b465ee728b)  -> (artifact id: '227bfca3d9894da7f715b9a250eaea72') in 0.008796 seconds 
  Import took 0.013182 seconds .

========================================================================
Received Import Request.
  Time since last request: 13.517896 seconds.
  path: Assets/Level/SampleScene.unity
  artifactKey: Guid(9fc0d4010bbf28b4594072e72b8655ab) Importer(815301076,1909f56bfc062723c751e8b465ee728b)
Start importing Assets/Level/SampleScene.unity using Guid(9fc0d4010bbf28b4594072e72b8655ab) Importer(815301076,1909f56bfc062723c751e8b465ee728b)  -> (artifact id: '050b42ae0aec45d94c6b16a3c3ca089c') in 0.007652 seconds 
  Import took 0.010711 seconds .

========================================================================
Received Import Request.
  Time since last request: 9.748960 seconds.
  path: Assets/Level/Test.unity
  artifactKey: Guid(c0e3c6a1d826f5744bf79778727f8c08) Importer(815301076,1909f56bfc062723c751e8b465ee728b)
Start importing Assets/Level/Test.unity using Guid(c0e3c6a1d826f5744bf79778727f8c08) Importer(815301076,1909f56bfc062723c751e8b465ee728b)  -> (artifact id: 'fc08db5695de8ad74ebe282167e4091a') in 0.008569 seconds 
  Import took 0.011135 seconds .

========================================================================
Received Import Request.
  Time since last request: 80.143548 seconds.
  path: Assets/Art/Prefabs/Platforms/Square_top.prefab
  artifactKey: Guid(72c4dcf1de9e1fe4486bc0578a9b0b72) Importer(815301076,1909f56bfc062723c751e8b465ee728b)
Start importing Assets/Art/Prefabs/Platforms/Square_top.prefab using Guid(72c4dcf1de9e1fe4486bc0578a9b0b72) Importer(815301076,1909f56bfc062723c751e8b465ee728b)  -> (artifact id: 'ac56b4ba8095a3dc4f9980d9cbe0163d') in 0.019428 seconds 
  Import took 0.022843 seconds .

========================================================================
Received Import Request.
  Time since last request: 0.920394 seconds.
  path: Assets/Art/Prefabs/Platforms/Square_top.prefab
  artifactKey: Guid(72c4dcf1de9e1fe4486bc0578a9b0b72) Importer(815301076,1909f56bfc062723c751e8b465ee728b)
Start importing Assets/Art/Prefabs/Platforms/Square_top.prefab using Guid(72c4dcf1de9e1fe4486bc0578a9b0b72) Importer(815301076,1909f56bfc062723c751e8b465ee728b)  -> (artifact id: '46ad41c4fe5c1e32f839f49bf6c26f59') in 0.018795 seconds 
  Import took 0.022100 seconds .

========================================================================
Received Import Request.
  Time since last request: 1.748681 seconds.
  path: Assets/Art/Prefabs/Platforms/Square_top.prefab
  artifactKey: Guid(72c4dcf1de9e1fe4486bc0578a9b0b72) Importer(815301076,1909f56bfc062723c751e8b465ee728b)
Start importing Assets/Art/Prefabs/Platforms/Square_top.prefab using Guid(72c4dcf1de9e1fe4486bc0578a9b0b72) Importer(815301076,1909f56bfc062723c751e8b465ee728b)  -> (artifact id: '2d71cd1333bd1f9207158e24658250be') in 0.015830 seconds 
  Import took 0.068888 seconds .

========================================================================
Received Import Request.
  Time since last request: 16.289820 seconds.
  path: Assets/Art/Prefabs/Platforms/Square_top.prefab
  artifactKey: Guid(72c4dcf1de9e1fe4486bc0578a9b0b72) Importer(815301076,1909f56bfc062723c751e8b465ee728b)
Start importing Assets/Art/Prefabs/Platforms/Square_top.prefab using Guid(72c4dcf1de9e1fe4486bc0578a9b0b72) Importer(815301076,1909f56bfc062723c751e8b465ee728b)  -> (artifact id: 'eb273934ea114be81896465c6d406617') in 0.017033 seconds 
  Import took 0.020580 seconds .

========================================================================
Received Import Request.
  Time since last request: 64.569799 seconds.
  path: Assets/Art/Prefabs/Platforms/Square_top.prefab
  artifactKey: Guid(72c4dcf1de9e1fe4486bc0578a9b0b72) Importer(815301076,1909f56bfc062723c751e8b465ee728b)
Start importing Assets/Art/Prefabs/Platforms/Square_top.prefab using Guid(72c4dcf1de9e1fe4486bc0578a9b0b72) Importer(815301076,1909f56bfc062723c751e8b465ee728b)  -> (artifact id: 'dbb46c12ac332061d023ab5d4d735ca4') in 0.019949 seconds 
  Import took 0.023099 seconds .

========================================================================
Received Import Request.
  Time since last request: 29.324576 seconds.
  path: Assets/Art/Prefabs/Platforms/Square_right.prefab
  artifactKey: Guid(56bf3227bcc7ccb428c1a1c3f641aa66) Importer(815301076,1909f56bfc062723c751e8b465ee728b)
Start importing Assets/Art/Prefabs/Platforms/Square_right.prefab using Guid(56bf3227bcc7ccb428c1a1c3f641aa66) Importer(815301076,1909f56bfc062723c751e8b465ee728b)  -> (artifact id: '3a014fe0c1115ba3072e4d4439c665c6') in 0.016890 seconds 
  Import took 0.019868 seconds .

========================================================================
Received Import Request.
  Time since last request: 5.792243 seconds.
  path: Assets/Art/Prefabs/Platforms/Square_right.prefab
  artifactKey: Guid(56bf3227bcc7ccb428c1a1c3f641aa66) Importer(815301076,1909f56bfc062723c751e8b465ee728b)
Start importing Assets/Art/Prefabs/Platforms/Square_right.prefab using Guid(56bf3227bcc7ccb428c1a1c3f641aa66) Importer(815301076,1909f56bfc062723c751e8b465ee728b)  -> (artifact id: '960e301147017583101e445e0ee3dca9') in 0.016244 seconds 
  Import took 0.019467 seconds .

========================================================================
Received Import Request.
  Time since last request: 4.470203 seconds.
  path: Assets/Art/Prefabs/Platforms/Square_right.prefab
  artifactKey: Guid(56bf3227bcc7ccb428c1a1c3f641aa66) Importer(815301076,1909f56bfc062723c751e8b465ee728b)
Start importing Assets/Art/Prefabs/Platforms/Square_right.prefab using Guid(56bf3227bcc7ccb428c1a1c3f641aa66) Importer(815301076,1909f56bfc062723c751e8b465ee728b)  -> (artifact id: '0e0de448f743d881033195fc7519898b') in 0.016273 seconds 
  Import took 0.022219 seconds .

========================================================================
Received Import Request.
  Time since last request: 10.910592 seconds.
  path: Assets/Art/Prefabs/Platforms/Square_right.prefab
  artifactKey: Guid(56bf3227bcc7ccb428c1a1c3f641aa66) Importer(815301076,1909f56bfc062723c751e8b465ee728b)
Start importing Assets/Art/Prefabs/Platforms/Square_right.prefab using Guid(56bf3227bcc7ccb428c1a1c3f641aa66) Importer(815301076,1909f56bfc062723c751e8b465ee728b)  -> (artifact id: 'f26f9e2c77406ac665bf39822650a5e1') in 0.017081 seconds 
  Import took 0.020280 seconds .

========================================================================
Received Import Request.
  Time since last request: 3.691377 seconds.
  path: Assets/Art/Prefabs/Platforms/Square_right.prefab
  artifactKey: Guid(56bf3227bcc7ccb428c1a1c3f641aa66) Importer(815301076,1909f56bfc062723c751e8b465ee728b)
Start importing Assets/Art/Prefabs/Platforms/Square_right.prefab using Guid(56bf3227bcc7ccb428c1a1c3f641aa66) Importer(815301076,1909f56bfc062723c751e8b465ee728b)  -> (artifact id: 'd824be49bc921ece49cf92522cba6790') in 0.017099 seconds 
  Import took 0.020262 seconds .

========================================================================
Received Import Request.
  Time since last request: 4.537250 seconds.
  path: Assets/Art/Prefabs/Platforms/Square_middle.prefab
  artifactKey: Guid(105f53c59dc86c24d9758167a131772c) Importer(815301076,1909f56bfc062723c751e8b465ee728b)
Start importing Assets/Art/Prefabs/Platforms/Square_middle.prefab using Guid(105f53c59dc86c24d9758167a131772c) Importer(815301076,1909f56bfc062723c751e8b465ee728b)  -> (artifact id: '2169b2a12c2c521087d19f137e6e8455') in 0.019689 seconds 
  Import took 0.022565 seconds .

========================================================================
Received Import Request.
  Time since last request: 18.039645 seconds.
  path: Assets/Art/Prefabs/Platforms/Square_middle.prefab
  artifactKey: Guid(105f53c59dc86c24d9758167a131772c) Importer(815301076,1909f56bfc062723c751e8b465ee728b)
Start importing Assets/Art/Prefabs/Platforms/Square_middle.prefab using Guid(105f53c59dc86c24d9758167a131772c) Importer(815301076,1909f56bfc062723c751e8b465ee728b)  -> (artifact id: '5831bd1adcfa928df7b470fc5ec0279b') in 0.040490 seconds 
  Import took 0.043960 seconds .

========================================================================
Received Import Request.
  Time since last request: 0.824334 seconds.
  path: Assets/Art/Prefabs/Platforms/Square_middle.prefab
  artifactKey: Guid(105f53c59dc86c24d9758167a131772c) Importer(815301076,1909f56bfc062723c751e8b465ee728b)
Start importing Assets/Art/Prefabs/Platforms/Square_middle.prefab using Guid(105f53c59dc86c24d9758167a131772c) Importer(815301076,1909f56bfc062723c751e8b465ee728b)  -> (artifact id: '60027fc7a243a87372d74319038bbfff') in 0.016963 seconds 
  Import took 0.020333 seconds .

========================================================================
Received Import Request.
  Time since last request: 0.605445 seconds.
  path: Assets/Art/Prefabs/Platforms/Square_middle.prefab
  artifactKey: Guid(105f53c59dc86c24d9758167a131772c) Importer(815301076,1909f56bfc062723c751e8b465ee728b)
Start importing Assets/Art/Prefabs/Platforms/Square_middle.prefab using Guid(105f53c59dc86c24d9758167a131772c) Importer(815301076,1909f56bfc062723c751e8b465ee728b)  -> (artifact id: 'eb225b2033c7f5c08ecdda0a2d496127') in 0.014793 seconds 
  Import took 0.017832 seconds .

========================================================================
Received Import Request.
  Time since last request: 2.634738 seconds.
  path: Assets/Art/Prefabs/Platforms/Square_middle.prefab
  artifactKey: Guid(105f53c59dc86c24d9758167a131772c) Importer(815301076,1909f56bfc062723c751e8b465ee728b)
Start importing Assets/Art/Prefabs/Platforms/Square_middle.prefab using Guid(105f53c59dc86c24d9758167a131772c) Importer(815301076,1909f56bfc062723c751e8b465ee728b)  -> (artifact id: 'c9bd4d32a4dc5906169582ea0dda528a') in 0.016588 seconds 
  Import took 0.019809 seconds .

========================================================================
Received Import Request.
  Time since last request: 10.324870 seconds.
  path: Assets/Art/Prefabs/Platforms/Square_middle.prefab
  artifactKey: Guid(105f53c59dc86c24d9758167a131772c) Importer(815301076,1909f56bfc062723c751e8b465ee728b)
Start importing Assets/Art/Prefabs/Platforms/Square_middle.prefab using Guid(105f53c59dc86c24d9758167a131772c) Importer(815301076,1909f56bfc062723c751e8b465ee728b)  -> (artifact id: '6142f6b5198d16f9a36f21b66d7d5b19') in 0.017600 seconds 
  Import took 0.021866 seconds .

========================================================================
Received Import Request.
  Time since last request: 0.349583 seconds.
  path: Assets/Art/Prefabs/Platforms/Square_middle.prefab
  artifactKey: Guid(105f53c59dc86c24d9758167a131772c) Importer(815301076,1909f56bfc062723c751e8b465ee728b)
Start importing Assets/Art/Prefabs/Platforms/Square_middle.prefab using Guid(105f53c59dc86c24d9758167a131772c) Importer(815301076,1909f56bfc062723c751e8b465ee728b)  -> (artifact id: 'e450f0a8584f522a45f1271851c540d0') in 0.017601 seconds 
  Import took 0.044571 seconds .

========================================================================
Received Import Request.
  Time since last request: 2.462831 seconds.
  path: Assets/Art/Prefabs/Platforms/Square_middle.prefab
  artifactKey: Guid(105f53c59dc86c24d9758167a131772c) Importer(815301076,1909f56bfc062723c751e8b465ee728b)
Start importing Assets/Art/Prefabs/Platforms/Square_middle.prefab using Guid(105f53c59dc86c24d9758167a131772c) Importer(815301076,1909f56bfc062723c751e8b465ee728b)  -> (artifact id: 'bced59ed6936b6e232219c8e50aff955') in 0.015289 seconds 
  Import took 0.018234 seconds .

========================================================================
Received Import Request.
  Time since last request: 5.219035 seconds.
  path: Assets/Art/Prefabs/Platforms/Square_left.prefab
  artifactKey: Guid(356c92195d0764c4b93a63ccd0ae92be) Importer(815301076,1909f56bfc062723c751e8b465ee728b)
Start importing Assets/Art/Prefabs/Platforms/Square_left.prefab using Guid(356c92195d0764c4b93a63ccd0ae92be) Importer(815301076,1909f56bfc062723c751e8b465ee728b)  -> (artifact id: '78470aa3fba49dc727343f44262b882b') in 0.017157 seconds 
  Import took 0.020183 seconds .

========================================================================
Received Import Request.
  Time since last request: 1.656451 seconds.
  path: Assets/Art/Prefabs/Platforms/Square_left.prefab
  artifactKey: Guid(356c92195d0764c4b93a63ccd0ae92be) Importer(815301076,1909f56bfc062723c751e8b465ee728b)
Start importing Assets/Art/Prefabs/Platforms/Square_left.prefab using Guid(356c92195d0764c4b93a63ccd0ae92be) Importer(815301076,1909f56bfc062723c751e8b465ee728b)  -> (artifact id: '0f9f00ce21e1370e6a16ad09c4791a21') in 0.015176 seconds 
  Import took 0.018255 seconds .

========================================================================
Received Import Request.
  Time since last request: 2.037993 seconds.
  path: Assets/Art/Prefabs/Platforms/Square_left.prefab
  artifactKey: Guid(356c92195d0764c4b93a63ccd0ae92be) Importer(815301076,1909f56bfc062723c751e8b465ee728b)
Start importing Assets/Art/Prefabs/Platforms/Square_left.prefab using Guid(356c92195d0764c4b93a63ccd0ae92be) Importer(815301076,1909f56bfc062723c751e8b465ee728b)  -> (artifact id: '8a967c0cb2049570fc26dcc3f43f1916') in 0.016094 seconds 
  Import took 0.018996 seconds .

========================================================================
Received Import Request.
  Time since last request: 1.378738 seconds.
  path: Assets/Art/Prefabs/Platforms/Square_left.prefab
  artifactKey: Guid(356c92195d0764c4b93a63ccd0ae92be) Importer(815301076,1909f56bfc062723c751e8b465ee728b)
Start importing Assets/Art/Prefabs/Platforms/Square_left.prefab using Guid(356c92195d0764c4b93a63ccd0ae92be) Importer(815301076,1909f56bfc062723c751e8b465ee728b)  -> (artifact id: '51561bfcaa427e348ab6a7e320fa5dfb') in 0.015338 seconds 
  Import took 0.018702 seconds .

========================================================================
Received Import Request.
  Time since last request: 2.588077 seconds.
  path: Assets/Art/Prefabs/Platforms/Square_left.prefab
  artifactKey: Guid(356c92195d0764c4b93a63ccd0ae92be) Importer(815301076,1909f56bfc062723c751e8b465ee728b)
Start importing Assets/Art/Prefabs/Platforms/Square_left.prefab using Guid(356c92195d0764c4b93a63ccd0ae92be) Importer(815301076,1909f56bfc062723c751e8b465ee728b)  -> (artifact id: '3707d78fad7acf54d05fd182637439c7') in 0.015912 seconds 
  Import took 0.032173 seconds .

========================================================================
Received Import Request.
  Time since last request: 6.068415 seconds.
  path: Assets/Art/Prefabs/Platforms/Square_left.prefab
  artifactKey: Guid(356c92195d0764c4b93a63ccd0ae92be) Importer(815301076,1909f56bfc062723c751e8b465ee728b)
Start importing Assets/Art/Prefabs/Platforms/Square_left.prefab using Guid(356c92195d0764c4b93a63ccd0ae92be) Importer(815301076,1909f56bfc062723c751e8b465ee728b)  -> (artifact id: 'b13911b88918f41d74199df9470b5c27') in 0.017018 seconds 
  Import took 0.020545 seconds .

========================================================================
Received Import Request.
  Time since last request: 25.508868 seconds.
  path: Assets/Art/Prefabs/Platforms/Square_middle.prefab
  artifactKey: Guid(105f53c59dc86c24d9758167a131772c) Importer(815301076,1909f56bfc062723c751e8b465ee728b)
Start importing Assets/Art/Prefabs/Platforms/Square_middle.prefab using Guid(105f53c59dc86c24d9758167a131772c) Importer(815301076,1909f56bfc062723c751e8b465ee728b)  -> (artifact id: '076f2d6ea7e5efcbb9124c0fbe5533ad') in 0.015139 seconds 
  Import took 0.022916 seconds .

========================================================================
Received Import Request.
  Time since last request: 4.995334 seconds.
  path: Assets/Art/Prefabs/Platforms/Square_right.prefab
  artifactKey: Guid(56bf3227bcc7ccb428c1a1c3f641aa66) Importer(815301076,1909f56bfc062723c751e8b465ee728b)
Start importing Assets/Art/Prefabs/Platforms/Square_right.prefab using Guid(56bf3227bcc7ccb428c1a1c3f641aa66) Importer(815301076,1909f56bfc062723c751e8b465ee728b)  -> (artifact id: '2960ebe685e67764bcfa7d94ff9f6378') in 0.017060 seconds 
  Import took 0.020372 seconds .

========================================================================
Received Import Request.
  Time since last request: 3.589845 seconds.
  path: Assets/Art/Prefabs/Platforms/Square_top.prefab
  artifactKey: Guid(72c4dcf1de9e1fe4486bc0578a9b0b72) Importer(815301076,1909f56bfc062723c751e8b465ee728b)
Start importing Assets/Art/Prefabs/Platforms/Square_top.prefab using Guid(72c4dcf1de9e1fe4486bc0578a9b0b72) Importer(815301076,1909f56bfc062723c751e8b465ee728b)  -> (artifact id: 'fdb22908756e1b03567c9a17ef7e363f') in 0.016795 seconds 
  Import took 0.039503 seconds .

========================================================================
Received Import Request.
  Time since last request: 17.560248 seconds.
  path: Assets/Art/Prefabs/Platforms/Square_bottom_right.prefab
  artifactKey: Guid(e26a41329cd437d47a3461a395992a2c) Importer(815301076,1909f56bfc062723c751e8b465ee728b)
Start importing Assets/Art/Prefabs/Platforms/Square_bottom_right.prefab using Guid(e26a41329cd437d47a3461a395992a2c) Importer(815301076,1909f56bfc062723c751e8b465ee728b)  -> (artifact id: 'a852f018edd3179cc23bebf47a7baf2d') in 0.192448 seconds 
  Import took 0.195892 seconds .

========================================================================
Received Import Request.
  Time since last request: 1.326931 seconds.
  path: Assets/Art/Prefabs/Platforms/Square_bottom_right.prefab
  artifactKey: Guid(e26a41329cd437d47a3461a395992a2c) Importer(815301076,1909f56bfc062723c751e8b465ee728b)
Start importing Assets/Art/Prefabs/Platforms/Square_bottom_right.prefab using Guid(e26a41329cd437d47a3461a395992a2c) Importer(815301076,1909f56bfc062723c751e8b465ee728b)  -> (artifact id: '8872a42993ff1097aa954acd894b1c23') in 0.018967 seconds 
  Import took 0.049527 seconds .

========================================================================
Received Import Request.
  Time since last request: 1.746993 seconds.
  path: Assets/Art/Prefabs/Platforms/Square_bottom_right.prefab
  artifactKey: Guid(e26a41329cd437d47a3461a395992a2c) Importer(815301076,1909f56bfc062723c751e8b465ee728b)
Start importing Assets/Art/Prefabs/Platforms/Square_bottom_right.prefab using Guid(e26a41329cd437d47a3461a395992a2c) Importer(815301076,1909f56bfc062723c751e8b465ee728b)  -> (artifact id: '386c592595c6d471da26c0ecb273da11') in 0.015788 seconds 
  Import took 0.018827 seconds .

========================================================================
Received Import Request.
  Time since last request: 0.896588 seconds.
  path: Assets/Art/Prefabs/Platforms/Square_bottom_right.prefab
  artifactKey: Guid(e26a41329cd437d47a3461a395992a2c) Importer(815301076,1909f56bfc062723c751e8b465ee728b)
Start importing Assets/Art/Prefabs/Platforms/Square_bottom_right.prefab using Guid(e26a41329cd437d47a3461a395992a2c) Importer(815301076,1909f56bfc062723c751e8b465ee728b)  -> (artifact id: 'c689a661cae09baf6729f7ed5be7aa1a') in 0.016015 seconds 
  Import took 0.037830 seconds .

========================================================================
Received Import Request.
  Time since last request: 15.300322 seconds.
  path: Assets/Art/Prefabs/Platforms/Square_bottom_right.prefab
  artifactKey: Guid(e26a41329cd437d47a3461a395992a2c) Importer(815301076,1909f56bfc062723c751e8b465ee728b)
Start importing Assets/Art/Prefabs/Platforms/Square_bottom_right.prefab using Guid(e26a41329cd437d47a3461a395992a2c) Importer(815301076,1909f56bfc062723c751e8b465ee728b)  -> (artifact id: '22b948427ef5d8e91b546b8da6d0dcc0') in 0.016063 seconds 
  Import took 0.033954 seconds .

========================================================================
Received Import Request.
  Time since last request: 2.446248 seconds.
  path: Assets/Art/Prefabs/Platforms/Square_bottom_right.prefab
  artifactKey: Guid(e26a41329cd437d47a3461a395992a2c) Importer(815301076,1909f56bfc062723c751e8b465ee728b)
Start importing Assets/Art/Prefabs/Platforms/Square_bottom_right.prefab using Guid(e26a41329cd437d47a3461a395992a2c) Importer(815301076,1909f56bfc062723c751e8b465ee728b)  -> (artifact id: '67486868007a0831743b84b66c0efd3d') in 0.017335 seconds 
  Import took 0.045890 seconds .

========================================================================
Received Import Request.
  Time since last request: 10.722688 seconds.
  path: Assets/Art/Prefabs/Platforms/Square_bottom_left.prefab
  artifactKey: Guid(735c1d3ec93e73149b86f8558c955c07) Importer(815301076,1909f56bfc062723c751e8b465ee728b)
Start importing Assets/Art/Prefabs/Platforms/Square_bottom_left.prefab using Guid(735c1d3ec93e73149b86f8558c955c07) Importer(815301076,1909f56bfc062723c751e8b465ee728b)  -> (artifact id: '802805df45e56960d5ab067112af4096') in 0.017766 seconds 
  Import took 0.020986 seconds .

========================================================================
Received Import Request.
  Time since last request: 2.615190 seconds.
  path: Assets/Art/Prefabs/Platforms/Square_bottom_left.prefab
  artifactKey: Guid(735c1d3ec93e73149b86f8558c955c07) Importer(815301076,1909f56bfc062723c751e8b465ee728b)
Start importing Assets/Art/Prefabs/Platforms/Square_bottom_left.prefab using Guid(735c1d3ec93e73149b86f8558c955c07) Importer(815301076,1909f56bfc062723c751e8b465ee728b)  -> (artifact id: 'c1691d9f7941a4d212fa67c93504fbc2') in 0.017451 seconds 
  Import took 0.022162 seconds .

========================================================================
Received Import Request.
  Time since last request: 1.883068 seconds.
  path: Assets/Art/Prefabs/Platforms/Square_bottom_left.prefab
  artifactKey: Guid(735c1d3ec93e73149b86f8558c955c07) Importer(815301076,1909f56bfc062723c751e8b465ee728b)
Start importing Assets/Art/Prefabs/Platforms/Square_bottom_left.prefab using Guid(735c1d3ec93e73149b86f8558c955c07) Importer(815301076,1909f56bfc062723c751e8b465ee728b)  -> (artifact id: 'e974741426001e271db591147335d34c') in 0.018596 seconds 
  Import took 0.022196 seconds .

========================================================================
Received Import Request.
  Time since last request: 5.996850 seconds.
  path: Assets/Art/Prefabs/Platforms/Square_bottom_left.prefab
  artifactKey: Guid(735c1d3ec93e73149b86f8558c955c07) Importer(815301076,1909f56bfc062723c751e8b465ee728b)
Start importing Assets/Art/Prefabs/Platforms/Square_bottom_left.prefab using Guid(735c1d3ec93e73149b86f8558c955c07) Importer(815301076,1909f56bfc062723c751e8b465ee728b)  -> (artifact id: 'b2798da4c0f123c962556143befbdcda') in 0.015761 seconds 
  Import took 0.041727 seconds .

========================================================================
Received Import Request.
  Time since last request: 3.133011 seconds.
  path: Assets/Art/Prefabs/Platforms/Square_bottom_left.prefab
  artifactKey: Guid(735c1d3ec93e73149b86f8558c955c07) Importer(815301076,1909f56bfc062723c751e8b465ee728b)
Start importing Assets/Art/Prefabs/Platforms/Square_bottom_left.prefab using Guid(735c1d3ec93e73149b86f8558c955c07) Importer(815301076,1909f56bfc062723c751e8b465ee728b)  -> (artifact id: '4a7ba0b573d355d813d83593dea4fbbc') in 0.016444 seconds 
  Import took 0.019565 seconds .

========================================================================
Received Import Request.
  Time since last request: 8.917512 seconds.
  path: Assets/Art/Prefabs/Platforms/Square_bottom.prefab
  artifactKey: Guid(21bbe557f0c08754ba2c0500cb76a00f) Importer(815301076,1909f56bfc062723c751e8b465ee728b)
Start importing Assets/Art/Prefabs/Platforms/Square_bottom.prefab using Guid(21bbe557f0c08754ba2c0500cb76a00f) Importer(815301076,1909f56bfc062723c751e8b465ee728b)  -> (artifact id: 'c90e402c5ed3bda988efd5cd66684a27') in 0.018299 seconds 
  Import took 0.021419 seconds .

========================================================================
Received Import Request.
  Time since last request: 2.401165 seconds.
  path: Assets/Art/Prefabs/Platforms/Square_bottom.prefab
  artifactKey: Guid(21bbe557f0c08754ba2c0500cb76a00f) Importer(815301076,1909f56bfc062723c751e8b465ee728b)
Start importing Assets/Art/Prefabs/Platforms/Square_bottom.prefab using Guid(21bbe557f0c08754ba2c0500cb76a00f) Importer(815301076,1909f56bfc062723c751e8b465ee728b)  -> (artifact id: '789d76ff51508a66512c4a55c7ea4ea6') in 0.015423 seconds 
  Import took 0.018402 seconds .

========================================================================
Received Import Request.
  Time since last request: 1.853605 seconds.
  path: Assets/Art/Prefabs/Platforms/Square_bottom.prefab
  artifactKey: Guid(21bbe557f0c08754ba2c0500cb76a00f) Importer(815301076,1909f56bfc062723c751e8b465ee728b)
Start importing Assets/Art/Prefabs/Platforms/Square_bottom.prefab using Guid(21bbe557f0c08754ba2c0500cb76a00f) Importer(815301076,1909f56bfc062723c751e8b465ee728b)  -> (artifact id: '5effe86688bfd37d29a01924521e5832') in 0.015808 seconds 
  Import took 0.018922 seconds .

========================================================================
Received Import Request.
  Time since last request: 1.477649 seconds.
  path: Assets/Art/Prefabs/Platforms/Square_bottom.prefab
  artifactKey: Guid(21bbe557f0c08754ba2c0500cb76a00f) Importer(815301076,1909f56bfc062723c751e8b465ee728b)
Start importing Assets/Art/Prefabs/Platforms/Square_bottom.prefab using Guid(21bbe557f0c08754ba2c0500cb76a00f) Importer(815301076,1909f56bfc062723c751e8b465ee728b)  -> (artifact id: '6a2c667caa83b004dfefafb2e9801cd0') in 0.016205 seconds 
  Import took 0.019926 seconds .

========================================================================
Received Import Request.
  Time since last request: 4.022850 seconds.
  path: Assets/Art/Prefabs/Platforms/Square_bottom.prefab
  artifactKey: Guid(21bbe557f0c08754ba2c0500cb76a00f) Importer(815301076,1909f56bfc062723c751e8b465ee728b)
Start importing Assets/Art/Prefabs/Platforms/Square_bottom.prefab using Guid(21bbe557f0c08754ba2c0500cb76a00f) Importer(815301076,1909f56bfc062723c751e8b465ee728b)  -> (artifact id: 'c57cd18b8ebfc4f683eeec56583b53e2') in 0.016110 seconds 
  Import took 0.019443 seconds .

========================================================================
Received Prepare
Registering precompiled user dll's ...
Registered in 0.034328 seconds.
Begin MonoManager ReloadAssembly
Native extension for WindowsStandalone target not found
Native extension for WebGL target not found
Refreshing native plugins compatible for Editor in 0.34 ms, found 2 plugins.
Preloading 0 native plugins for Editor in 0.00 ms.
Mono: successfully reloaded assembly
- Completed reload, in  1.205 seconds
Domain Reload Profiling:
	ReloadAssembly (1206ms)
		BeginReloadAssembly (237ms)
			ExecutionOrderSort (0ms)
			DisableScriptedObjects (16ms)
			BackupInstance (0ms)
			ReleaseScriptingObjects (0ms)
			CreateAndSetChildDomain (113ms)
		EndReloadAssembly (888ms)
			LoadAssemblies (119ms)
			RebuildTransferFunctionScriptingTraits (0ms)
			SetupTypeCache (331ms)
			ReleaseScriptCaches (1ms)
			RebuildScriptCaches (38ms)
			SetupLoadedEditorAssemblies (303ms)
				LogAssemblyErrors (0ms)
				InitializePlatformSupportModulesInManaged (6ms)
				SetLoadedEditorAssemblies (1ms)
				RefreshPlugins (0ms)
				BeforeProcessingInitializeOnLoad (97ms)
				ProcessInitializeOnLoadAttributes (180ms)
				ProcessInitializeOnLoadMethodAttributes (8ms)
				AfterProcessingInitializeOnLoad (9ms)
				EditorAssembliesLoaded (0ms)
			ExecutionOrderSort2 (0ms)
			AwakeInstancesAfterBackupRestoration (9ms)
Platform modules already initialized, skipping
Refreshing native plugins compatible for Editor in 0.34 ms, found 2 plugins.
Preloading 0 native plugins for Editor in 0.00 ms.
Unloading 1497 Unused Serialized files (Serialized files now loaded: 0)
System memory in use before: 76.9 MB.
System memory in use after: 77.0 MB.

Unloading 14 unused Assets to reduce memory usage. Loaded Objects now: 1999.
Total: 2.407500 ms (FindLiveObjects: 0.140100 ms CreateObjectMapping: 0.058400 ms MarkObjects: 2.190700 ms  DeleteObjects: 0.017100 ms)

AssetImportParameters requested are different than current active one (requested -> active):
  custom:framework-win-MediaFoundation: 216162199b28c13a410421893ffa2e32 -> 
  custom:video-decoder-ogg-theora: a1e56fd34408186e4bbccfd4996cb3dc -> 
  custom:container-muxer-webm: aa71ff27fc2769a1b78a27578f13a17b -> 
  custom:container-demuxer-webm: 4f35f7cbe854078d1ac9338744f61a02 -> 
  custom:container-demuxer-ogg: 62fdf1f143b41e24485cea50d1cbac27 -> 
  custom:video-encoder-webm-vp8: eb34c28f22e8b96e1ab97ce403110664 -> 
  custom:video-codec-MediaFoundation-h265: 746d11721c4dcdbdad8f713fa42b33f4 -> 
  custom:video-decoder-webm-vp8: 9c59270c3fd7afecdb556c50c9e8de78 -> 
  custom:audio-decoder-ogg-vorbis: bf7c407c2cedff20999df2af8eb42d56 -> 
  custom:audio-encoder-webm-vorbis: bf7c407c2cedff20999df2af8eb42d56 -> 
========================================================================
Received Prepare
Registering precompiled user dll's ...
Registered in 0.004751 seconds.
Begin MonoManager ReloadAssembly
Native extension for WindowsStandalone target not found
Native extension for WebGL target not found
Refreshing native plugins compatible for Editor in 0.31 ms, found 2 plugins.
Preloading 0 native plugins for Editor in 0.00 ms.
Mono: successfully reloaded assembly
- Completed reload, in  0.924 seconds
Domain Reload Profiling:
	ReloadAssembly (924ms)
		BeginReloadAssembly (115ms)
			ExecutionOrderSort (0ms)
			DisableScriptedObjects (4ms)
			BackupInstance (0ms)
			ReleaseScriptingObjects (0ms)
			CreateAndSetChildDomain (27ms)
		EndReloadAssembly (745ms)
			LoadAssemblies (86ms)
			RebuildTransferFunctionScriptingTraits (0ms)
			SetupTypeCache (262ms)
			ReleaseScriptCaches (1ms)
			RebuildScriptCaches (34ms)
			SetupLoadedEditorAssemblies (275ms)
				LogAssemblyErrors (0ms)
				InitializePlatformSupportModulesInManaged (6ms)
				SetLoadedEditorAssemblies (1ms)
				RefreshPlugins (0ms)
				BeforeProcessingInitializeOnLoad (79ms)
				ProcessInitializeOnLoadAttributes (169ms)
				ProcessInitializeOnLoadMethodAttributes (10ms)
				AfterProcessingInitializeOnLoad (9ms)
				EditorAssembliesLoaded (0ms)
			ExecutionOrderSort2 (0ms)
			AwakeInstancesAfterBackupRestoration (7ms)
Platform modules already initialized, skipping
Refreshing native plugins compatible for Editor in 0.32 ms, found 2 plugins.
Preloading 0 native plugins for Editor in 0.00 ms.
Unloading 1497 Unused Serialized files (Serialized files now loaded: 0)
System memory in use before: 76.9 MB.
System memory in use after: 77.0 MB.

Unloading 14 unused Assets to reduce memory usage. Loaded Objects now: 2001.
Total: 3.423200 ms (FindLiveObjects: 0.135200 ms CreateObjectMapping: 0.065400 ms MarkObjects: 3.196100 ms  DeleteObjects: 0.024900 ms)

AssetImportParameters requested are different than current active one (requested -> active):
  custom:framework-win-MediaFoundation: 216162199b28c13a410421893ffa2e32 -> 
  custom:video-decoder-ogg-theora: a1e56fd34408186e4bbccfd4996cb3dc -> 
  custom:container-muxer-webm: aa71ff27fc2769a1b78a27578f13a17b -> 
  custom:container-demuxer-webm: 4f35f7cbe854078d1ac9338744f61a02 -> 
  custom:container-demuxer-ogg: 62fdf1f143b41e24485cea50d1cbac27 -> 
  custom:video-encoder-webm-vp8: eb34c28f22e8b96e1ab97ce403110664 -> 
  custom:video-codec-MediaFoundation-h265: 746d11721c4dcdbdad8f713fa42b33f4 -> 
  custom:video-decoder-webm-vp8: 9c59270c3fd7afecdb556c50c9e8de78 -> 
  custom:audio-decoder-ogg-vorbis: bf7c407c2cedff20999df2af8eb42d56 -> 
  custom:audio-encoder-webm-vorbis: bf7c407c2cedff20999df2af8eb42d56 -> 
========================================================================
Received Import Request.
  Time since last request: 1327.858502 seconds.
  path: Assets/Level/Test.unity
  artifactKey: Guid(c0e3c6a1d826f5744bf79778727f8c08) Importer(815301076,1909f56bfc062723c751e8b465ee728b)
Start importing Assets/Level/Test.unity using Guid(c0e3c6a1d826f5744bf79778727f8c08) Importer(815301076,1909f56bfc062723c751e8b465ee728b)  -> (artifact id: '8e373dffcd7a1a8a5f68ee67fa1b64ad') in 0.022083 seconds 
  Import took 0.024789 seconds .

========================================================================
Received Import Request.
  Time since last request: 8.473966 seconds.
  path: Assets/Level/SampleScene.unity
  artifactKey: Guid(9fc0d4010bbf28b4594072e72b8655ab) Importer(815301076,1909f56bfc062723c751e8b465ee728b)
Start importing Assets/Level/SampleScene.unity using Guid(9fc0d4010bbf28b4594072e72b8655ab) Importer(815301076,1909f56bfc062723c751e8b465ee728b)  -> (artifact id: '43b50a4fac5e4ac4097a4b21fd7ee3ab') in 0.006603 seconds 
  Import took 0.009365 seconds .

AssetImportWorkerClient::OnTransportError - code=2 error=End of file
